Namespace(active_connection=5, alpha=0.75, batch_size=16, block_size=3, clique_size=0, density_path='/workspace/data/20200811_clean/random_deepfashion/LEAP_random_deepfashion_200_3/train_density.npy', density_th=0.6, drop_prob=0.7, epochs=10, feat_path='/workspace/data/20200811_clean/random_deepfashion/LEAP_random_deepfashion_200_3/train_feat_deepfashion_random.lmdb', features=256, fp16=False, gamma=2, is_density=0, k_at_hop=[5, 5], knn_graph_path='/workspace/data/20200811_clean/random_deepfashion/LEAP_random_deepfashion_200_3/train_feat_deepfashion_random/knn_index_20.npy', label_path='/workspace/data/20200811_clean/random_deepfashion/LEAP_random_deepfashion_200_3/train_label_deepfashion_random.npy', lambda_u=10, local_label_path='/workspace/data/hgy_17w/pseudo_hgyAv2_0.20.npy', local_rank=0, logs_dir='params/ex1_baseline_sup_random_deepfashion/baseline_sup_random_deepfashion/LEAP_random_deepfashion_200_3', loss='FL1', lr=0.01, lr_adjust_list=[1, 2, 3, 4], mode='sup', model_drop='gcn', momentum=0.9, print_freq=20, rand_twice=0, rand_val=0.0, ratio=0.5, resample=0, seed=1, weight_decay=0.0001, workers=1)
log dir:   params/ex1_baseline_sup_random_deepfashion/baseline_sup_random_deepfashion/LEAP_random_deepfashion_200_3
Current lr 0.01
Epoch:[0][0/1012]	Time 1.786 (1.786)	Data 0.737 (0.737)	Loss 0.195 (0.195)	Accuracy 0.575 (0.575)	Precison 0.000 (0.000)	Recall 0.000 (0.000)
Epoch:[0][20/1012]	Time 0.016 (0.100)	Data 0.007 (0.041)	Loss 0.156 (0.157)	Accuracy 0.350 (0.489)	Precison 0.350 (0.319)	Recall 1.000 (0.649)
Epoch:[0][40/1012]	Time 0.013 (0.060)	Data 0.006 (0.025)	Loss 0.156 (0.154)	Accuracy 0.450 (0.442)	Precison 0.450 (0.356)	Recall 1.000 (0.815)
Epoch:[0][60/1012]	Time 0.018 (0.046)	Data 0.008 (0.019)	Loss 0.150 (0.152)	Accuracy 0.438 (0.426)	Precison 0.438 (0.368)	Recall 1.000 (0.876)
Epoch:[0][80/1012]	Time 0.015 (0.039)	Data 0.007 (0.016)	Loss 0.144 (0.151)	Accuracy 0.350 (0.423)	Precison 0.350 (0.379)	Recall 1.000 (0.906)
Epoch:[0][100/1012]	Time 0.023 (0.034)	Data 0.008 (0.014)	Loss 0.145 (0.150)	Accuracy 0.475 (0.425)	Precison 0.475 (0.390)	Recall 1.000 (0.925)
Epoch:[0][120/1012]	Time 0.017 (0.032)	Data 0.007 (0.013)	Loss 0.150 (0.149)	Accuracy 0.438 (0.417)	Precison 0.417 (0.386)	Recall 0.909 (0.935)
Epoch:[0][140/1012]	Time 0.017 (0.029)	Data 0.008 (0.013)	Loss 0.141 (0.148)	Accuracy 0.425 (0.418)	Precison 0.425 (0.389)	Recall 1.000 (0.943)
Epoch:[0][160/1012]	Time 0.015 (0.028)	Data 0.007 (0.012)	Loss 0.144 (0.147)	Accuracy 0.400 (0.415)	Precison 0.392 (0.390)	Recall 1.000 (0.949)
Epoch:[0][180/1012]	Time 0.016 (0.027)	Data 0.008 (0.011)	Loss 0.141 (0.146)	Accuracy 0.425 (0.415)	Precison 0.410 (0.391)	Recall 1.000 (0.955)
Epoch:[0][200/1012]	Time 0.026 (0.026)	Data 0.010 (0.011)	Loss 0.140 (0.146)	Accuracy 0.412 (0.416)	Precison 0.405 (0.393)	Recall 1.000 (0.959)
Epoch:[0][220/1012]	Time 0.018 (0.025)	Data 0.008 (0.011)	Loss 0.142 (0.145)	Accuracy 0.500 (0.418)	Precison 0.487 (0.394)	Recall 0.974 (0.961)
Epoch:[0][240/1012]	Time 0.018 (0.024)	Data 0.008 (0.010)	Loss 0.130 (0.144)	Accuracy 0.463 (0.420)	Precison 0.386 (0.395)	Recall 1.000 (0.963)
Epoch:[0][260/1012]	Time 0.014 (0.024)	Data 0.005 (0.010)	Loss 0.139 (0.144)	Accuracy 0.488 (0.424)	Precison 0.474 (0.399)	Recall 1.000 (0.964)
Epoch:[0][280/1012]	Time 0.018 (0.023)	Data 0.008 (0.010)	Loss 0.143 (0.143)	Accuracy 0.488 (0.427)	Precison 0.481 (0.401)	Recall 0.974 (0.966)
Epoch:[0][300/1012]	Time 0.014 (0.023)	Data 0.005 (0.009)	Loss 0.135 (0.143)	Accuracy 0.512 (0.428)	Precison 0.471 (0.402)	Recall 0.943 (0.966)
Epoch:[0][320/1012]	Time 0.016 (0.022)	Data 0.008 (0.009)	Loss 0.142 (0.142)	Accuracy 0.575 (0.431)	Precison 0.523 (0.402)	Recall 0.919 (0.963)
Epoch:[0][340/1012]	Time 0.017 (0.022)	Data 0.008 (0.009)	Loss 0.136 (0.142)	Accuracy 0.525 (0.434)	Precison 0.486 (0.404)	Recall 0.972 (0.964)
Epoch:[0][360/1012]	Time 0.016 (0.022)	Data 0.006 (0.009)	Loss 0.133 (0.141)	Accuracy 0.575 (0.438)	Precison 0.522 (0.406)	Recall 0.973 (0.963)
Epoch:[0][380/1012]	Time 0.016 (0.021)	Data 0.007 (0.009)	Loss 0.141 (0.141)	Accuracy 0.425 (0.442)	Precison 0.413 (0.408)	Recall 0.939 (0.962)
Epoch:[0][400/1012]	Time 0.016 (0.021)	Data 0.008 (0.009)	Loss 0.131 (0.140)	Accuracy 0.675 (0.446)	Precison 0.571 (0.409)	Recall 0.941 (0.961)
Epoch:[0][420/1012]	Time 0.017 (0.021)	Data 0.008 (0.009)	Loss 0.129 (0.140)	Accuracy 0.512 (0.447)	Precison 0.480 (0.411)	Recall 1.000 (0.960)
Epoch:[0][440/1012]	Time 0.019 (0.021)	Data 0.010 (0.009)	Loss 0.133 (0.140)	Accuracy 0.388 (0.451)	Precison 0.347 (0.413)	Recall 0.926 (0.958)
Epoch:[0][460/1012]	Time 0.016 (0.021)	Data 0.008 (0.009)	Loss 0.125 (0.139)	Accuracy 0.675 (0.454)	Precison 0.558 (0.414)	Recall 0.906 (0.957)
Epoch:[0][480/1012]	Time 0.015 (0.020)	Data 0.005 (0.009)	Loss 0.138 (0.139)	Accuracy 0.575 (0.457)	Precison 0.482 (0.415)	Recall 0.844 (0.955)
Epoch:[0][500/1012]	Time 0.017 (0.020)	Data 0.008 (0.009)	Loss 0.129 (0.139)	Accuracy 0.375 (0.461)	Precison 0.310 (0.417)	Recall 0.957 (0.954)
Epoch:[0][520/1012]	Time 0.016 (0.020)	Data 0.006 (0.009)	Loss 0.139 (0.138)	Accuracy 0.463 (0.465)	Precison 0.356 (0.419)	Recall 0.808 (0.952)
Epoch:[0][540/1012]	Time 0.017 (0.020)	Data 0.007 (0.008)	Loss 0.136 (0.138)	Accuracy 0.350 (0.466)	Precison 0.342 (0.420)	Recall 1.000 (0.951)
Epoch:[0][560/1012]	Time 0.017 (0.020)	Data 0.007 (0.008)	Loss 0.141 (0.138)	Accuracy 0.512 (0.469)	Precison 0.477 (0.422)	Recall 0.861 (0.950)
Epoch:[0][580/1012]	Time 0.015 (0.020)	Data 0.006 (0.008)	Loss 0.128 (0.138)	Accuracy 0.450 (0.471)	Precison 0.403 (0.423)	Recall 0.967 (0.950)
Epoch:[0][600/1012]	Time 0.014 (0.020)	Data 0.004 (0.008)	Loss 0.120 (0.137)	Accuracy 0.588 (0.474)	Precison 0.559 (0.425)	Recall 0.927 (0.949)
Epoch:[0][620/1012]	Time 0.021 (0.020)	Data 0.008 (0.008)	Loss 0.121 (0.137)	Accuracy 0.625 (0.477)	Precison 0.509 (0.427)	Recall 0.935 (0.948)
Epoch:[0][640/1012]	Time 0.017 (0.020)	Data 0.007 (0.008)	Loss 0.123 (0.137)	Accuracy 0.650 (0.479)	Precison 0.571 (0.429)	Recall 0.973 (0.948)
Epoch:[0][660/1012]	Time 0.010 (0.019)	Data 0.000 (0.008)	Loss 0.140 (0.136)	Accuracy 0.475 (0.483)	Precison 0.373 (0.431)	Recall 0.815 (0.948)
Epoch:[0][680/1012]	Time 0.019 (0.019)	Data 0.009 (0.008)	Loss 0.125 (0.136)	Accuracy 0.475 (0.486)	Precison 0.408 (0.433)	Recall 1.000 (0.946)
Epoch:[0][700/1012]	Time 0.016 (0.019)	Data 0.007 (0.008)	Loss 0.138 (0.136)	Accuracy 0.350 (0.489)	Precison 0.329 (0.435)	Recall 0.962 (0.945)
Epoch:[0][720/1012]	Time 0.018 (0.019)	Data 0.008 (0.008)	Loss 0.123 (0.135)	Accuracy 0.475 (0.491)	Precison 0.431 (0.436)	Recall 0.969 (0.944)
Epoch:[0][740/1012]	Time 0.028 (0.019)	Data 0.000 (0.008)	Loss 0.120 (0.135)	Accuracy 0.738 (0.494)	Precison 0.657 (0.438)	Recall 0.719 (0.942)
Epoch:[0][760/1012]	Time 0.018 (0.019)	Data 0.007 (0.008)	Loss 0.126 (0.135)	Accuracy 0.575 (0.496)	Precison 0.400 (0.439)	Recall 0.833 (0.941)
Epoch:[0][780/1012]	Time 0.016 (0.019)	Data 0.007 (0.008)	Loss 0.127 (0.135)	Accuracy 0.412 (0.498)	Precison 0.338 (0.441)	Recall 0.920 (0.940)
Epoch:[0][800/1012]	Time 0.016 (0.019)	Data 0.007 (0.008)	Loss 0.125 (0.134)	Accuracy 0.525 (0.500)	Precison 0.486 (0.442)	Recall 0.972 (0.940)
Epoch:[0][820/1012]	Time 0.019 (0.019)	Data 0.007 (0.008)	Loss 0.120 (0.134)	Accuracy 0.700 (0.502)	Precison 0.627 (0.443)	Recall 0.949 (0.939)
Epoch:[0][840/1012]	Time 0.017 (0.019)	Data 0.007 (0.008)	Loss 0.127 (0.134)	Accuracy 0.700 (0.505)	Precison 0.643 (0.445)	Recall 0.900 (0.938)
Epoch:[0][860/1012]	Time 0.018 (0.019)	Data 0.007 (0.008)	Loss 0.125 (0.134)	Accuracy 0.637 (0.507)	Precison 0.591 (0.447)	Recall 0.951 (0.938)
Epoch:[0][880/1012]	Time 0.022 (0.019)	Data 0.009 (0.008)	Loss 0.124 (0.134)	Accuracy 0.700 (0.508)	Precison 0.553 (0.448)	Recall 0.750 (0.937)
Epoch:[0][900/1012]	Time 0.015 (0.019)	Data 0.005 (0.008)	Loss 0.140 (0.133)	Accuracy 0.675 (0.510)	Precison 0.667 (0.449)	Recall 0.818 (0.937)
Epoch:[0][920/1012]	Time 0.018 (0.019)	Data 0.009 (0.008)	Loss 0.116 (0.133)	Accuracy 0.613 (0.512)	Precison 0.548 (0.450)	Recall 0.919 (0.935)
Epoch:[0][940/1012]	Time 0.015 (0.019)	Data 0.005 (0.008)	Loss 0.120 (0.133)	Accuracy 0.675 (0.514)	Precison 0.636 (0.451)	Recall 0.854 (0.935)
Epoch:[0][960/1012]	Time 0.017 (0.019)	Data 0.007 (0.008)	Loss 0.119 (0.133)	Accuracy 0.625 (0.515)	Precison 0.469 (0.452)	Recall 0.852 (0.933)
Epoch:[0][980/1012]	Time 0.017 (0.019)	Data 0.007 (0.008)	Loss 0.123 (0.133)	Accuracy 0.550 (0.517)	Precison 0.411 (0.453)	Recall 0.885 (0.933)
Epoch:[0][1000/1012]	Time 0.014 (0.019)	Data 0.005 (0.008)	Loss 0.111 (0.132)	Accuracy 0.713 (0.519)	Precison 0.630 (0.455)	Recall 0.919 (0.932)
Current lr 0.01
Change lr to 0.001
Epoch:[1][0/1012]	Time 0.695 (0.695)	Data 0.676 (0.676)	Loss 0.102 (0.102)	Accuracy 0.663 (0.663)	Precison 0.609 (0.609)	Recall 1.000 (1.000)
Epoch:[1][20/1012]	Time 0.014 (0.048)	Data 0.000 (0.033)	Loss 0.133 (0.116)	Accuracy 0.550 (0.570)	Precison 0.492 (0.494)	Recall 0.829 (0.965)
Epoch:[1][40/1012]	Time 0.014 (0.033)	Data 0.005 (0.020)	Loss 0.128 (0.118)	Accuracy 0.600 (0.602)	Precison 0.500 (0.513)	Recall 0.812 (0.927)
Epoch:[1][60/1012]	Time 0.014 (0.027)	Data 0.004 (0.015)	Loss 0.120 (0.119)	Accuracy 0.512 (0.602)	Precison 0.417 (0.505)	Recall 0.862 (0.917)
Epoch:[1][80/1012]	Time 0.017 (0.025)	Data 0.006 (0.013)	Loss 0.119 (0.120)	Accuracy 0.538 (0.604)	Precison 0.431 (0.505)	Recall 0.862 (0.912)
Epoch:[1][100/1012]	Time 0.018 (0.023)	Data 0.007 (0.012)	Loss 0.132 (0.121)	Accuracy 0.613 (0.609)	Precison 0.579 (0.511)	Recall 0.825 (0.908)
Epoch:[1][120/1012]	Time 0.014 (0.022)	Data 0.005 (0.011)	Loss 0.135 (0.121)	Accuracy 0.650 (0.605)	Precison 0.607 (0.508)	Recall 0.850 (0.910)
Epoch:[1][140/1012]	Time 0.014 (0.021)	Data 0.001 (0.010)	Loss 0.130 (0.121)	Accuracy 0.625 (0.609)	Precison 0.571 (0.511)	Recall 0.842 (0.910)
Epoch:[1][160/1012]	Time 0.016 (0.021)	Data 0.007 (0.010)	Loss 0.116 (0.121)	Accuracy 0.488 (0.607)	Precison 0.365 (0.508)	Recall 0.958 (0.910)
Epoch:[1][180/1012]	Time 0.017 (0.020)	Data 0.006 (0.009)	Loss 0.134 (0.120)	Accuracy 0.588 (0.610)	Precison 0.508 (0.510)	Recall 0.882 (0.908)
Epoch:[1][200/1012]	Time 0.027 (0.020)	Data 0.009 (0.009)	Loss 0.118 (0.120)	Accuracy 0.625 (0.615)	Precison 0.509 (0.515)	Recall 0.903 (0.907)
Epoch:[1][220/1012]	Time 0.010 (0.020)	Data 0.000 (0.009)	Loss 0.121 (0.120)	Accuracy 0.613 (0.616)	Precison 0.491 (0.516)	Recall 0.867 (0.907)
Epoch:[1][240/1012]	Time 0.015 (0.019)	Data 0.006 (0.009)	Loss 0.116 (0.120)	Accuracy 0.688 (0.614)	Precison 0.523 (0.512)	Recall 0.852 (0.908)
Epoch:[1][260/1012]	Time 0.019 (0.019)	Data 0.009 (0.009)	Loss 0.127 (0.120)	Accuracy 0.625 (0.617)	Precison 0.509 (0.514)	Recall 0.871 (0.905)
Epoch:[1][280/1012]	Time 0.019 (0.019)	Data 0.008 (0.008)	Loss 0.101 (0.120)	Accuracy 0.600 (0.616)	Precison 0.458 (0.513)	Recall 1.000 (0.904)
Epoch:[1][300/1012]	Time 0.019 (0.019)	Data 0.009 (0.008)	Loss 0.126 (0.120)	Accuracy 0.675 (0.616)	Precison 0.571 (0.512)	Recall 0.848 (0.903)
Epoch:[1][320/1012]	Time 0.017 (0.019)	Data 0.007 (0.008)	Loss 0.131 (0.120)	Accuracy 0.562 (0.617)	Precison 0.409 (0.513)	Recall 0.667 (0.902)
Epoch:[1][340/1012]	Time 0.017 (0.019)	Data 0.006 (0.008)	Loss 0.108 (0.120)	Accuracy 0.650 (0.618)	Precison 0.481 (0.512)	Recall 0.962 (0.901)
Epoch:[1][360/1012]	Time 0.022 (0.019)	Data 0.009 (0.008)	Loss 0.106 (0.120)	Accuracy 0.700 (0.619)	Precison 0.571 (0.512)	Recall 1.000 (0.899)
Epoch:[1][380/1012]	Time 0.017 (0.018)	Data 0.007 (0.008)	Loss 0.115 (0.120)	Accuracy 0.600 (0.619)	Precison 0.509 (0.513)	Recall 0.879 (0.899)
Epoch:[1][400/1012]	Time 0.015 (0.018)	Data 0.006 (0.008)	Loss 0.108 (0.120)	Accuracy 0.637 (0.620)	Precison 0.500 (0.513)	Recall 0.931 (0.898)
Epoch:[1][420/1012]	Time 0.014 (0.018)	Data 0.000 (0.008)	Loss 0.119 (0.120)	Accuracy 0.575 (0.621)	Precison 0.400 (0.514)	Recall 0.957 (0.899)
Epoch:[1][440/1012]	Time 0.020 (0.018)	Data 0.006 (0.008)	Loss 0.115 (0.120)	Accuracy 0.525 (0.620)	Precison 0.429 (0.514)	Recall 0.931 (0.899)
Epoch:[1][460/1012]	Time 0.014 (0.018)	Data 0.006 (0.008)	Loss 0.114 (0.120)	Accuracy 0.613 (0.620)	Precison 0.491 (0.514)	Recall 0.900 (0.900)
Epoch:[1][480/1012]	Time 0.009 (0.018)	Data 0.000 (0.008)	Loss 0.109 (0.120)	Accuracy 0.600 (0.620)	Precison 0.439 (0.515)	Recall 1.000 (0.899)
Epoch:[1][500/1012]	Time 0.019 (0.018)	Data 0.009 (0.007)	Loss 0.127 (0.120)	Accuracy 0.450 (0.620)	Precison 0.369 (0.515)	Recall 0.889 (0.900)
Epoch:[1][520/1012]	Time 0.020 (0.018)	Data 0.010 (0.007)	Loss 0.132 (0.120)	Accuracy 0.713 (0.621)	Precison 0.620 (0.516)	Recall 0.886 (0.900)
Epoch:[1][540/1012]	Time 0.019 (0.018)	Data 0.008 (0.007)	Loss 0.125 (0.120)	Accuracy 0.500 (0.622)	Precison 0.431 (0.517)	Recall 0.903 (0.900)
Epoch:[1][560/1012]	Time 0.016 (0.018)	Data 0.005 (0.007)	Loss 0.120 (0.120)	Accuracy 0.562 (0.622)	Precison 0.426 (0.516)	Recall 1.000 (0.901)
Epoch:[1][580/1012]	Time 0.017 (0.018)	Data 0.007 (0.007)	Loss 0.142 (0.120)	Accuracy 0.562 (0.622)	Precison 0.511 (0.517)	Recall 0.639 (0.900)
Epoch:[1][600/1012]	Time 0.012 (0.018)	Data 0.003 (0.007)	Loss 0.120 (0.119)	Accuracy 0.625 (0.622)	Precison 0.491 (0.517)	Recall 0.897 (0.901)
Epoch:[1][620/1012]	Time 0.017 (0.018)	Data 0.007 (0.007)	Loss 0.126 (0.119)	Accuracy 0.650 (0.622)	Precison 0.519 (0.516)	Recall 0.933 (0.901)
Epoch:[1][640/1012]	Time 0.017 (0.018)	Data 0.002 (0.007)	Loss 0.122 (0.119)	Accuracy 0.825 (0.623)	Precison 0.783 (0.517)	Recall 0.900 (0.899)
Epoch:[1][660/1012]	Time 0.016 (0.018)	Data 0.007 (0.007)	Loss 0.123 (0.120)	Accuracy 0.562 (0.623)	Precison 0.484 (0.517)	Recall 0.939 (0.898)
Epoch:[1][680/1012]	Time 0.017 (0.018)	Data 0.008 (0.007)	Loss 0.133 (0.120)	Accuracy 0.625 (0.622)	Precison 0.579 (0.516)	Recall 0.846 (0.898)
Epoch:[1][700/1012]	Time 0.013 (0.018)	Data 0.005 (0.007)	Loss 0.118 (0.119)	Accuracy 0.738 (0.622)	Precison 0.679 (0.517)	Recall 0.900 (0.898)
Epoch:[1][720/1012]	Time 0.021 (0.018)	Data 0.010 (0.007)	Loss 0.118 (0.119)	Accuracy 0.625 (0.623)	Precison 0.509 (0.517)	Recall 0.935 (0.898)
Epoch:[1][740/1012]	Time 0.017 (0.018)	Data 0.008 (0.007)	Loss 0.126 (0.120)	Accuracy 0.600 (0.622)	Precison 0.474 (0.516)	Recall 0.931 (0.898)
Epoch:[1][760/1012]	Time 0.017 (0.018)	Data 0.008 (0.007)	Loss 0.126 (0.119)	Accuracy 0.562 (0.622)	Precison 0.434 (0.517)	Recall 0.821 (0.898)
Epoch:[1][780/1012]	Time 0.017 (0.018)	Data 0.008 (0.007)	Loss 0.121 (0.119)	Accuracy 0.562 (0.622)	Precison 0.466 (0.516)	Recall 0.871 (0.898)
Epoch:[1][800/1012]	Time 0.014 (0.018)	Data 0.004 (0.007)	Loss 0.115 (0.119)	Accuracy 0.637 (0.622)	Precison 0.509 (0.516)	Recall 0.967 (0.898)
Epoch:[1][820/1012]	Time 0.016 (0.018)	Data 0.006 (0.007)	Loss 0.113 (0.119)	Accuracy 0.713 (0.623)	Precison 0.604 (0.517)	Recall 0.879 (0.898)
Epoch:[1][840/1012]	Time 0.015 (0.018)	Data 0.001 (0.007)	Loss 0.129 (0.119)	Accuracy 0.675 (0.622)	Precison 0.564 (0.517)	Recall 0.939 (0.898)
Epoch:[1][860/1012]	Time 0.016 (0.018)	Data 0.004 (0.007)	Loss 0.111 (0.119)	Accuracy 0.663 (0.623)	Precison 0.567 (0.517)	Recall 0.971 (0.898)
Epoch:[1][880/1012]	Time 0.028 (0.018)	Data 0.010 (0.007)	Loss 0.112 (0.119)	Accuracy 0.650 (0.623)	Precison 0.545 (0.518)	Recall 0.909 (0.898)
Epoch:[1][900/1012]	Time 0.017 (0.018)	Data 0.008 (0.007)	Loss 0.113 (0.119)	Accuracy 0.650 (0.623)	Precison 0.582 (0.518)	Recall 0.865 (0.898)
Epoch:[1][920/1012]	Time 0.017 (0.018)	Data 0.006 (0.007)	Loss 0.118 (0.119)	Accuracy 0.625 (0.623)	Precison 0.529 (0.518)	Recall 0.818 (0.898)
Epoch:[1][940/1012]	Time 0.016 (0.018)	Data 0.007 (0.007)	Loss 0.124 (0.119)	Accuracy 0.562 (0.623)	Precison 0.467 (0.518)	Recall 0.903 (0.898)
Epoch:[1][960/1012]	Time 0.015 (0.018)	Data 0.004 (0.007)	Loss 0.113 (0.119)	Accuracy 0.800 (0.623)	Precison 0.735 (0.518)	Recall 0.923 (0.899)
Epoch:[1][980/1012]	Time 0.016 (0.018)	Data 0.006 (0.007)	Loss 0.119 (0.119)	Accuracy 0.613 (0.623)	Precison 0.528 (0.519)	Recall 0.824 (0.898)
Epoch:[1][1000/1012]	Time 0.018 (0.018)	Data 0.007 (0.007)	Loss 0.111 (0.119)	Accuracy 0.663 (0.623)	Precison 0.537 (0.518)	Recall 0.935 (0.898)
Current lr 0.001
Change lr to 0.0001
Epoch:[2][0/1012]	Time 0.846 (0.846)	Data 0.825 (0.825)	Loss 0.108 (0.108)	Accuracy 0.688 (0.688)	Precison 0.580 (0.580)	Recall 0.879 (0.879)
Epoch:[2][20/1012]	Time 0.013 (0.055)	Data 0.000 (0.039)	Loss 0.137 (0.121)	Accuracy 0.575 (0.652)	Precison 0.544 (0.551)	Recall 0.795 (0.874)
Epoch:[2][40/1012]	Time 0.017 (0.035)	Data 0.009 (0.021)	Loss 0.129 (0.121)	Accuracy 0.675 (0.645)	Precison 0.588 (0.535)	Recall 0.857 (0.869)
Epoch:[2][60/1012]	Time 0.018 (0.029)	Data 0.010 (0.017)	Loss 0.125 (0.120)	Accuracy 0.475 (0.646)	Precison 0.367 (0.539)	Recall 0.846 (0.872)
Epoch:[2][80/1012]	Time 0.018 (0.026)	Data 0.008 (0.015)	Loss 0.117 (0.120)	Accuracy 0.562 (0.642)	Precison 0.407 (0.536)	Recall 0.880 (0.876)
Epoch:[2][100/1012]	Time 0.016 (0.025)	Data 0.007 (0.013)	Loss 0.116 (0.119)	Accuracy 0.762 (0.647)	Precison 0.706 (0.540)	Recall 0.900 (0.881)
Epoch:[2][120/1012]	Time 0.018 (0.023)	Data 0.008 (0.012)	Loss 0.116 (0.118)	Accuracy 0.475 (0.640)	Precison 0.356 (0.532)	Recall 0.840 (0.886)
Epoch:[2][140/1012]	Time 0.021 (0.023)	Data 0.011 (0.012)	Loss 0.123 (0.118)	Accuracy 0.438 (0.641)	Precison 0.311 (0.534)	Recall 0.864 (0.889)
Epoch:[2][160/1012]	Time 0.018 (0.022)	Data 0.008 (0.011)	Loss 0.115 (0.118)	Accuracy 0.675 (0.642)	Precison 0.582 (0.536)	Recall 0.914 (0.889)
Epoch:[2][180/1012]	Time 0.018 (0.021)	Data 0.008 (0.011)	Loss 0.106 (0.118)	Accuracy 0.762 (0.641)	Precison 0.679 (0.536)	Recall 0.974 (0.891)
Epoch:[2][200/1012]	Time 0.016 (0.021)	Data 0.005 (0.010)	Loss 0.112 (0.118)	Accuracy 0.738 (0.641)	Precison 0.672 (0.535)	Recall 0.951 (0.892)
Epoch:[2][220/1012]	Time 0.016 (0.021)	Data 0.006 (0.010)	Loss 0.116 (0.118)	Accuracy 0.538 (0.640)	Precison 0.414 (0.533)	Recall 0.889 (0.891)
Epoch:[2][240/1012]	Time 0.015 (0.020)	Data 0.005 (0.010)	Loss 0.104 (0.118)	Accuracy 0.788 (0.639)	Precison 0.667 (0.533)	Recall 0.970 (0.891)
Epoch:[2][260/1012]	Time 0.016 (0.020)	Data 0.006 (0.009)	Loss 0.144 (0.118)	Accuracy 0.588 (0.638)	Precison 0.542 (0.532)	Recall 0.842 (0.890)
Epoch:[2][280/1012]	Time 0.015 (0.020)	Data 0.004 (0.009)	Loss 0.114 (0.118)	Accuracy 0.650 (0.638)	Precison 0.571 (0.532)	Recall 0.889 (0.892)
Epoch:[2][300/1012]	Time 0.016 (0.020)	Data 0.006 (0.009)	Loss 0.115 (0.118)	Accuracy 0.738 (0.637)	Precison 0.667 (0.530)	Recall 0.895 (0.891)
Epoch:[2][320/1012]	Time 0.018 (0.019)	Data 0.006 (0.009)	Loss 0.127 (0.118)	Accuracy 0.500 (0.636)	Precison 0.368 (0.528)	Recall 0.840 (0.892)
Epoch:[2][340/1012]	Time 0.015 (0.019)	Data 0.005 (0.008)	Loss 0.114 (0.118)	Accuracy 0.575 (0.636)	Precison 0.434 (0.529)	Recall 0.852 (0.892)
Epoch:[2][360/1012]	Time 0.027 (0.019)	Data 0.011 (0.008)	Loss 0.112 (0.118)	Accuracy 0.613 (0.635)	Precison 0.491 (0.528)	Recall 0.933 (0.891)
Epoch:[2][380/1012]	Time 0.018 (0.019)	Data 0.006 (0.008)	Loss 0.133 (0.118)	Accuracy 0.562 (0.636)	Precison 0.426 (0.529)	Recall 0.852 (0.892)
Epoch:[2][400/1012]	Time 0.018 (0.019)	Data 0.006 (0.008)	Loss 0.130 (0.118)	Accuracy 0.488 (0.636)	Precison 0.404 (0.529)	Recall 0.767 (0.892)
Epoch:[2][420/1012]	Time 0.018 (0.019)	Data 0.008 (0.008)	Loss 0.120 (0.118)	Accuracy 0.725 (0.636)	Precison 0.704 (0.529)	Recall 0.864 (0.893)
Epoch:[2][440/1012]	Time 0.015 (0.019)	Data 0.005 (0.008)	Loss 0.114 (0.118)	Accuracy 0.562 (0.635)	Precison 0.370 (0.528)	Recall 0.952 (0.893)
Epoch:[2][460/1012]	Time 0.017 (0.019)	Data 0.007 (0.008)	Loss 0.098 (0.118)	Accuracy 0.675 (0.636)	Precison 0.554 (0.529)	Recall 0.969 (0.893)
Epoch:[2][480/1012]	Time 0.015 (0.019)	Data 0.001 (0.008)	Loss 0.130 (0.118)	Accuracy 0.675 (0.636)	Precison 0.577 (0.529)	Recall 0.882 (0.893)
Epoch:[2][500/1012]	Time 0.029 (0.019)	Data 0.011 (0.008)	Loss 0.112 (0.118)	Accuracy 0.637 (0.636)	Precison 0.509 (0.530)	Recall 0.967 (0.893)
Epoch:[2][520/1012]	Time 0.015 (0.019)	Data 0.005 (0.008)	Loss 0.103 (0.118)	Accuracy 0.538 (0.636)	Precison 0.288 (0.529)	Recall 1.000 (0.894)
Epoch:[2][540/1012]	Time 0.022 (0.019)	Data 0.009 (0.008)	Loss 0.114 (0.118)	Accuracy 0.600 (0.637)	Precison 0.466 (0.529)	Recall 0.964 (0.895)
Epoch:[2][560/1012]	Time 0.016 (0.019)	Data 0.007 (0.008)	Loss 0.123 (0.118)	Accuracy 0.688 (0.638)	Precison 0.633 (0.531)	Recall 0.816 (0.895)
Epoch:[2][580/1012]	Time 0.020 (0.018)	Data 0.008 (0.008)	Loss 0.114 (0.117)	Accuracy 0.688 (0.638)	Precison 0.566 (0.530)	Recall 0.938 (0.895)
Epoch:[2][600/1012]	Time 0.012 (0.018)	Data 0.003 (0.008)	Loss 0.109 (0.117)	Accuracy 0.650 (0.638)	Precison 0.490 (0.530)	Recall 0.889 (0.895)
Epoch:[2][620/1012]	Time 0.021 (0.018)	Data 0.007 (0.007)	Loss 0.125 (0.118)	Accuracy 0.637 (0.637)	Precison 0.566 (0.528)	Recall 0.833 (0.895)
Epoch:[2][640/1012]	Time 0.017 (0.018)	Data 0.006 (0.007)	Loss 0.114 (0.117)	Accuracy 0.650 (0.638)	Precison 0.536 (0.530)	Recall 0.938 (0.895)
Epoch:[2][660/1012]	Time 0.014 (0.018)	Data 0.005 (0.007)	Loss 0.115 (0.117)	Accuracy 0.663 (0.639)	Precison 0.551 (0.531)	Recall 0.844 (0.895)
Epoch:[2][680/1012]	Time 0.017 (0.018)	Data 0.007 (0.007)	Loss 0.126 (0.117)	Accuracy 0.762 (0.640)	Precison 0.706 (0.531)	Recall 0.900 (0.895)
Epoch:[2][700/1012]	Time 0.021 (0.018)	Data 0.009 (0.007)	Loss 0.121 (0.117)	Accuracy 0.588 (0.639)	Precison 0.482 (0.531)	Recall 0.871 (0.896)
Epoch:[2][720/1012]	Time 0.013 (0.018)	Data 0.002 (0.007)	Loss 0.103 (0.117)	Accuracy 0.725 (0.639)	Precison 0.588 (0.530)	Recall 0.968 (0.896)
Epoch:[2][740/1012]	Time 0.015 (0.018)	Data 0.006 (0.007)	Loss 0.096 (0.117)	Accuracy 0.762 (0.639)	Precison 0.712 (0.530)	Recall 0.902 (0.896)
Epoch:[2][760/1012]	Time 0.017 (0.018)	Data 0.007 (0.007)	Loss 0.108 (0.117)	Accuracy 0.688 (0.639)	Precison 0.556 (0.530)	Recall 0.968 (0.896)
Epoch:[2][780/1012]	Time 0.027 (0.018)	Data 0.008 (0.007)	Loss 0.102 (0.117)	Accuracy 0.725 (0.639)	Precison 0.612 (0.530)	Recall 0.909 (0.896)
Epoch:[2][800/1012]	Time 0.016 (0.018)	Data 0.005 (0.007)	Loss 0.124 (0.117)	Accuracy 0.713 (0.639)	Precison 0.680 (0.530)	Recall 0.829 (0.896)
Epoch:[2][820/1012]	Time 0.016 (0.018)	Data 0.006 (0.007)	Loss 0.127 (0.118)	Accuracy 0.575 (0.638)	Precison 0.455 (0.530)	Recall 0.862 (0.895)
Epoch:[2][840/1012]	Time 0.021 (0.018)	Data 0.000 (0.007)	Loss 0.125 (0.118)	Accuracy 0.637 (0.638)	Precison 0.528 (0.529)	Recall 0.875 (0.895)
Epoch:[2][860/1012]	Time 0.016 (0.018)	Data 0.008 (0.007)	Loss 0.105 (0.118)	Accuracy 0.588 (0.637)	Precison 0.441 (0.528)	Recall 1.000 (0.895)
Epoch:[2][880/1012]	Time 0.016 (0.018)	Data 0.007 (0.007)	Loss 0.109 (0.118)	Accuracy 0.512 (0.637)	Precison 0.368 (0.528)	Recall 0.875 (0.894)
Epoch:[2][900/1012]	Time 0.017 (0.018)	Data 0.008 (0.007)	Loss 0.135 (0.118)	Accuracy 0.512 (0.637)	Precison 0.426 (0.528)	Recall 0.867 (0.895)
Epoch:[2][920/1012]	Time 0.013 (0.018)	Data 0.004 (0.007)	Loss 0.110 (0.118)	Accuracy 0.675 (0.637)	Precison 0.604 (0.528)	Recall 0.865 (0.894)
Epoch:[2][940/1012]	Time 0.013 (0.018)	Data 0.005 (0.007)	Loss 0.119 (0.118)	Accuracy 0.562 (0.637)	Precison 0.436 (0.528)	Recall 0.857 (0.894)
Epoch:[2][960/1012]	Time 0.019 (0.018)	Data 0.008 (0.007)	Loss 0.115 (0.118)	Accuracy 0.700 (0.637)	Precison 0.556 (0.528)	Recall 0.862 (0.894)
Epoch:[2][980/1012]	Time 0.014 (0.018)	Data 0.004 (0.007)	Loss 0.106 (0.118)	Accuracy 0.588 (0.636)	Precison 0.446 (0.527)	Recall 0.926 (0.894)
Epoch:[2][1000/1012]	Time 0.013 (0.018)	Data 0.003 (0.007)	Loss 0.124 (0.118)	Accuracy 0.700 (0.636)	Precison 0.621 (0.527)	Recall 0.947 (0.894)
Current lr 0.0001
Change lr to 1e-05
Epoch:[3][0/1012]	Time 0.709 (0.709)	Data 0.690 (0.690)	Loss 0.103 (0.103)	Accuracy 0.675 (0.675)	Precison 0.521 (0.521)	Recall 0.893 (0.893)
Epoch:[3][20/1012]	Time 0.019 (0.050)	Data 0.006 (0.034)	Loss 0.121 (0.118)	Accuracy 0.650 (0.648)	Precison 0.547 (0.543)	Recall 0.879 (0.877)
Epoch:[3][40/1012]	Time 0.015 (0.034)	Data 0.006 (0.020)	Loss 0.125 (0.119)	Accuracy 0.688 (0.636)	Precison 0.600 (0.533)	Recall 0.857 (0.884)
Epoch:[3][60/1012]	Time 0.023 (0.028)	Data 0.008 (0.016)	Loss 0.129 (0.119)	Accuracy 0.688 (0.643)	Precison 0.640 (0.543)	Recall 0.821 (0.887)
Epoch:[3][80/1012]	Time 0.023 (0.026)	Data 0.008 (0.014)	Loss 0.115 (0.120)	Accuracy 0.550 (0.642)	Precison 0.411 (0.542)	Recall 0.885 (0.882)
Epoch:[3][100/1012]	Time 0.010 (0.024)	Data 0.002 (0.012)	Loss 0.114 (0.119)	Accuracy 0.675 (0.641)	Precison 0.551 (0.540)	Recall 0.871 (0.886)
Epoch:[3][120/1012]	Time 0.017 (0.023)	Data 0.009 (0.011)	Loss 0.131 (0.119)	Accuracy 0.550 (0.642)	Precison 0.474 (0.538)	Recall 0.818 (0.889)
Epoch:[3][140/1012]	Time 0.015 (0.022)	Data 0.005 (0.011)	Loss 0.146 (0.119)	Accuracy 0.688 (0.640)	Precison 0.705 (0.537)	Recall 0.721 (0.887)
Epoch:[3][160/1012]	Time 0.017 (0.021)	Data 0.008 (0.010)	Loss 0.135 (0.120)	Accuracy 0.637 (0.637)	Precison 0.571 (0.534)	Recall 0.865 (0.885)
Epoch:[3][180/1012]	Time 0.016 (0.021)	Data 0.007 (0.010)	Loss 0.102 (0.119)	Accuracy 0.625 (0.635)	Precison 0.481 (0.532)	Recall 0.929 (0.885)
Epoch:[3][200/1012]	Time 0.012 (0.020)	Data 0.002 (0.009)	Loss 0.121 (0.119)	Accuracy 0.625 (0.637)	Precison 0.519 (0.535)	Recall 0.844 (0.887)
Epoch:[3][220/1012]	Time 0.017 (0.020)	Data 0.007 (0.009)	Loss 0.106 (0.119)	Accuracy 0.700 (0.636)	Precison 0.596 (0.533)	Recall 0.912 (0.889)
Epoch:[3][240/1012]	Time 0.018 (0.020)	Data 0.008 (0.009)	Loss 0.122 (0.119)	Accuracy 0.725 (0.635)	Precison 0.648 (0.532)	Recall 0.921 (0.890)
Epoch:[3][260/1012]	Time 0.011 (0.020)	Data 0.000 (0.009)	Loss 0.127 (0.119)	Accuracy 0.762 (0.635)	Precison 0.745 (0.531)	Recall 0.891 (0.890)
Epoch:[3][280/1012]	Time 0.018 (0.019)	Data 0.004 (0.008)	Loss 0.105 (0.119)	Accuracy 0.650 (0.637)	Precison 0.518 (0.533)	Recall 0.967 (0.891)
Epoch:[3][300/1012]	Time 0.017 (0.019)	Data 0.008 (0.008)	Loss 0.115 (0.118)	Accuracy 0.650 (0.637)	Precison 0.593 (0.531)	Recall 0.897 (0.893)
Epoch:[3][320/1012]	Time 0.018 (0.019)	Data 0.008 (0.008)	Loss 0.114 (0.118)	Accuracy 0.637 (0.635)	Precison 0.500 (0.530)	Recall 0.828 (0.892)
Epoch:[3][340/1012]	Time 0.017 (0.019)	Data 0.006 (0.008)	Loss 0.105 (0.118)	Accuracy 0.625 (0.635)	Precison 0.472 (0.529)	Recall 0.926 (0.893)
Epoch:[3][360/1012]	Time 0.018 (0.019)	Data 0.009 (0.008)	Loss 0.124 (0.118)	Accuracy 0.650 (0.634)	Precison 0.574 (0.527)	Recall 0.861 (0.892)
Epoch:[3][380/1012]	Time 0.016 (0.019)	Data 0.007 (0.008)	Loss 0.108 (0.118)	Accuracy 0.713 (0.635)	Precison 0.623 (0.528)	Recall 0.917 (0.893)
Epoch:[3][400/1012]	Time 0.018 (0.019)	Data 0.009 (0.008)	Loss 0.137 (0.118)	Accuracy 0.650 (0.636)	Precison 0.615 (0.530)	Recall 0.800 (0.893)
Epoch:[3][420/1012]	Time 0.018 (0.019)	Data 0.007 (0.008)	Loss 0.110 (0.118)	Accuracy 0.650 (0.636)	Precison 0.517 (0.530)	Recall 1.000 (0.893)
Epoch:[3][440/1012]	Time 0.019 (0.019)	Data 0.009 (0.008)	Loss 0.106 (0.118)	Accuracy 0.575 (0.636)	Precison 0.431 (0.530)	Recall 0.962 (0.894)
Epoch:[3][460/1012]	Time 0.016 (0.019)	Data 0.007 (0.008)	Loss 0.105 (0.118)	Accuracy 0.675 (0.636)	Precison 0.586 (0.531)	Recall 0.944 (0.894)
Epoch:[3][480/1012]	Time 0.019 (0.018)	Data 0.005 (0.008)	Loss 0.125 (0.118)	Accuracy 0.637 (0.637)	Precison 0.571 (0.532)	Recall 0.865 (0.895)
Epoch:[3][500/1012]	Time 0.015 (0.018)	Data 0.003 (0.008)	Loss 0.119 (0.118)	Accuracy 0.663 (0.638)	Precison 0.542 (0.532)	Recall 0.839 (0.895)
Epoch:[3][520/1012]	Time 0.018 (0.018)	Data 0.009 (0.008)	Loss 0.113 (0.118)	Accuracy 0.538 (0.637)	Precison 0.379 (0.531)	Recall 0.957 (0.895)
Epoch:[3][540/1012]	Time 0.009 (0.018)	Data 0.001 (0.007)	Loss 0.111 (0.118)	Accuracy 0.663 (0.636)	Precison 0.538 (0.529)	Recall 0.903 (0.895)
Epoch:[3][560/1012]	Time 0.016 (0.018)	Data 0.008 (0.008)	Loss 0.106 (0.118)	Accuracy 0.650 (0.636)	Precison 0.545 (0.530)	Recall 0.909 (0.895)
Epoch:[3][580/1012]	Time 0.013 (0.018)	Data 0.005 (0.007)	Loss 0.113 (0.118)	Accuracy 0.713 (0.637)	Precison 0.655 (0.530)	Recall 0.927 (0.895)
Epoch:[3][600/1012]	Time 0.018 (0.018)	Data 0.009 (0.007)	Loss 0.119 (0.118)	Accuracy 0.613 (0.636)	Precison 0.472 (0.529)	Recall 0.893 (0.895)
Epoch:[3][620/1012]	Time 0.016 (0.018)	Data 0.007 (0.007)	Loss 0.107 (0.118)	Accuracy 0.600 (0.636)	Precison 0.492 (0.529)	Recall 0.968 (0.896)
Epoch:[3][640/1012]	Time 0.018 (0.018)	Data 0.008 (0.007)	Loss 0.123 (0.117)	Accuracy 0.575 (0.636)	Precison 0.444 (0.529)	Recall 0.857 (0.896)
Epoch:[3][660/1012]	Time 0.021 (0.018)	Data 0.009 (0.007)	Loss 0.122 (0.117)	Accuracy 0.613 (0.635)	Precison 0.548 (0.528)	Recall 0.919 (0.896)
Epoch:[3][680/1012]	Time 0.017 (0.018)	Data 0.008 (0.007)	Loss 0.117 (0.117)	Accuracy 0.738 (0.636)	Precison 0.674 (0.528)	Recall 0.838 (0.896)
Epoch:[3][700/1012]	Time 0.014 (0.018)	Data 0.000 (0.007)	Loss 0.128 (0.118)	Accuracy 0.625 (0.635)	Precison 0.509 (0.528)	Recall 0.871 (0.896)
Epoch:[3][720/1012]	Time 0.018 (0.018)	Data 0.008 (0.007)	Loss 0.120 (0.118)	Accuracy 0.600 (0.634)	Precison 0.453 (0.526)	Recall 0.889 (0.896)
Epoch:[3][740/1012]	Time 0.008 (0.018)	Data 0.000 (0.007)	Loss 0.139 (0.118)	Accuracy 0.637 (0.635)	Precison 0.581 (0.526)	Recall 0.694 (0.896)
Epoch:[3][760/1012]	Time 0.016 (0.018)	Data 0.007 (0.007)	Loss 0.105 (0.118)	Accuracy 0.588 (0.635)	Precison 0.407 (0.526)	Recall 0.957 (0.895)
Epoch:[3][780/1012]	Time 0.016 (0.018)	Data 0.007 (0.007)	Loss 0.108 (0.118)	Accuracy 0.738 (0.635)	Precison 0.660 (0.526)	Recall 0.921 (0.895)
Epoch:[3][800/1012]	Time 0.016 (0.018)	Data 0.008 (0.007)	Loss 0.105 (0.118)	Accuracy 0.600 (0.635)	Precison 0.418 (0.526)	Recall 1.000 (0.895)
Epoch:[3][820/1012]	Time 0.017 (0.018)	Data 0.007 (0.007)	Loss 0.106 (0.118)	Accuracy 0.588 (0.635)	Precison 0.500 (0.526)	Recall 0.909 (0.895)
Epoch:[3][840/1012]	Time 0.015 (0.018)	Data 0.006 (0.007)	Loss 0.112 (0.118)	Accuracy 0.613 (0.634)	Precison 0.519 (0.526)	Recall 0.848 (0.894)
Epoch:[3][860/1012]	Time 0.022 (0.018)	Data 0.008 (0.007)	Loss 0.125 (0.118)	Accuracy 0.525 (0.635)	Precison 0.386 (0.527)	Recall 0.880 (0.895)
Epoch:[3][880/1012]	Time 0.016 (0.018)	Data 0.006 (0.007)	Loss 0.111 (0.117)	Accuracy 0.575 (0.634)	Precison 0.459 (0.525)	Recall 0.966 (0.895)
Epoch:[3][900/1012]	Time 0.010 (0.018)	Data 0.000 (0.007)	Loss 0.109 (0.117)	Accuracy 0.663 (0.634)	Precison 0.536 (0.525)	Recall 0.968 (0.895)
Epoch:[3][920/1012]	Time 0.009 (0.018)	Data 0.000 (0.007)	Loss 0.135 (0.117)	Accuracy 0.675 (0.635)	Precison 0.648 (0.525)	Recall 0.833 (0.896)
Epoch:[3][940/1012]	Time 0.017 (0.018)	Data 0.006 (0.007)	Loss 0.111 (0.117)	Accuracy 0.637 (0.635)	Precison 0.559 (0.526)	Recall 0.917 (0.895)
Epoch:[3][960/1012]	Time 0.018 (0.018)	Data 0.005 (0.007)	Loss 0.109 (0.117)	Accuracy 0.750 (0.635)	Precison 0.727 (0.526)	Recall 0.889 (0.895)
Epoch:[3][980/1012]	Time 0.016 (0.018)	Data 0.006 (0.007)	Loss 0.113 (0.117)	Accuracy 0.575 (0.635)	Precison 0.418 (0.526)	Recall 0.920 (0.895)
Epoch:[3][1000/1012]	Time 0.017 (0.018)	Data 0.008 (0.007)	Loss 0.115 (0.117)	Accuracy 0.713 (0.635)	Precison 0.609 (0.526)	Recall 0.848 (0.895)
Current lr 1e-05
Change lr to 1.0000000000000002e-06
Epoch:[4][0/1012]	Time 0.718 (0.718)	Data 0.698 (0.698)	Loss 0.119 (0.119)	Accuracy 0.588 (0.588)	Precison 0.481 (0.481)	Recall 0.806 (0.806)
Epoch:[4][20/1012]	Time 0.016 (0.049)	Data 0.008 (0.035)	Loss 0.151 (0.116)	Accuracy 0.637 (0.661)	Precison 0.621 (0.559)	Recall 0.837 (0.905)
Epoch:[4][40/1012]	Time 0.015 (0.033)	Data 0.005 (0.022)	Loss 0.129 (0.118)	Accuracy 0.650 (0.657)	Precison 0.589 (0.555)	Recall 0.868 (0.890)
Epoch:[4][60/1012]	Time 0.017 (0.028)	Data 0.008 (0.017)	Loss 0.139 (0.117)	Accuracy 0.550 (0.651)	Precison 0.482 (0.550)	Recall 0.794 (0.892)
Epoch:[4][80/1012]	Time 0.018 (0.025)	Data 0.009 (0.015)	Loss 0.102 (0.116)	Accuracy 0.762 (0.647)	Precison 0.667 (0.542)	Recall 0.973 (0.897)
Epoch:[4][100/1012]	Time 0.017 (0.024)	Data 0.009 (0.014)	Loss 0.099 (0.117)	Accuracy 0.625 (0.647)	Precison 0.492 (0.544)	Recall 1.000 (0.895)
Epoch:[4][120/1012]	Time 0.016 (0.022)	Data 0.006 (0.013)	Loss 0.112 (0.117)	Accuracy 0.613 (0.646)	Precison 0.491 (0.543)	Recall 0.867 (0.894)
Epoch:[4][140/1012]	Time 0.014 (0.022)	Data 0.005 (0.012)	Loss 0.119 (0.117)	Accuracy 0.588 (0.640)	Precison 0.462 (0.532)	Recall 0.828 (0.894)
Epoch:[4][160/1012]	Time 0.018 (0.021)	Data 0.008 (0.011)	Loss 0.107 (0.117)	Accuracy 0.663 (0.641)	Precison 0.527 (0.533)	Recall 0.967 (0.894)
Epoch:[4][180/1012]	Time 0.018 (0.021)	Data 0.008 (0.011)	Loss 0.106 (0.117)	Accuracy 0.688 (0.640)	Precison 0.529 (0.531)	Recall 0.964 (0.895)
Epoch:[4][200/1012]	Time 0.018 (0.020)	Data 0.009 (0.011)	Loss 0.110 (0.117)	Accuracy 0.675 (0.638)	Precison 0.571 (0.529)	Recall 0.941 (0.895)
Epoch:[4][220/1012]	Time 0.020 (0.020)	Data 0.008 (0.010)	Loss 0.115 (0.117)	Accuracy 0.500 (0.636)	Precison 0.361 (0.525)	Recall 0.957 (0.893)
Epoch:[4][240/1012]	Time 0.015 (0.020)	Data 0.004 (0.010)	Loss 0.125 (0.117)	Accuracy 0.688 (0.637)	Precison 0.635 (0.528)	Recall 0.846 (0.893)
Epoch:[4][260/1012]	Time 0.016 (0.020)	Data 0.006 (0.010)	Loss 0.108 (0.117)	Accuracy 0.562 (0.635)	Precison 0.393 (0.525)	Recall 0.957 (0.894)
Epoch:[4][280/1012]	Time 0.015 (0.019)	Data 0.000 (0.009)	Loss 0.152 (0.118)	Accuracy 0.613 (0.636)	Precison 0.596 (0.528)	Recall 0.756 (0.893)
Epoch:[4][300/1012]	Time 0.021 (0.019)	Data 0.008 (0.009)	Loss 0.106 (0.117)	Accuracy 0.613 (0.637)	Precison 0.444 (0.529)	Recall 0.960 (0.894)
Epoch:[4][320/1012]	Time 0.011 (0.019)	Data 0.002 (0.009)	Loss 0.118 (0.117)	Accuracy 0.538 (0.638)	Precison 0.358 (0.530)	Recall 0.864 (0.895)
Epoch:[4][340/1012]	Time 0.018 (0.019)	Data 0.010 (0.009)	Loss 0.116 (0.117)	Accuracy 0.575 (0.638)	Precison 0.475 (0.529)	Recall 0.903 (0.895)
Epoch:[4][360/1012]	Time 0.018 (0.019)	Data 0.009 (0.009)	Loss 0.111 (0.117)	Accuracy 0.725 (0.638)	Precison 0.647 (0.529)	Recall 0.892 (0.894)
Epoch:[4][380/1012]	Time 0.022 (0.019)	Data 0.012 (0.008)	Loss 0.111 (0.118)	Accuracy 0.750 (0.637)	Precison 0.698 (0.529)	Recall 0.902 (0.893)
Epoch:[4][400/1012]	Time 0.017 (0.019)	Data 0.008 (0.008)	Loss 0.139 (0.117)	Accuracy 0.613 (0.638)	Precison 0.510 (0.529)	Recall 0.812 (0.894)
Epoch:[4][420/1012]	Time 0.032 (0.019)	Data 0.014 (0.008)	Loss 0.105 (0.117)	Accuracy 0.650 (0.639)	Precison 0.500 (0.529)	Recall 0.964 (0.894)
Epoch:[4][440/1012]	Time 0.016 (0.018)	Data 0.005 (0.008)	Loss 0.118 (0.117)	Accuracy 0.700 (0.639)	Precison 0.635 (0.530)	Recall 0.868 (0.893)
Epoch:[4][460/1012]	Time 0.015 (0.018)	Data 0.005 (0.008)	Loss 0.138 (0.118)	Accuracy 0.613 (0.638)	Precison 0.489 (0.529)	Recall 0.767 (0.892)
Epoch:[4][480/1012]	Time 0.022 (0.018)	Data 0.009 (0.008)	Loss 0.111 (0.117)	Accuracy 0.588 (0.639)	Precison 0.380 (0.529)	Recall 0.905 (0.893)
Epoch:[4][500/1012]	Time 0.017 (0.018)	Data 0.004 (0.008)	Loss 0.109 (0.117)	Accuracy 0.675 (0.640)	Precison 0.500 (0.531)	Recall 0.923 (0.894)
Epoch:[4][520/1012]	Time 0.021 (0.018)	Data 0.008 (0.008)	Loss 0.116 (0.118)	Accuracy 0.613 (0.639)	Precison 0.500 (0.530)	Recall 0.968 (0.893)
Epoch:[4][540/1012]	Time 0.013 (0.018)	Data 0.004 (0.008)	Loss 0.117 (0.118)	Accuracy 0.713 (0.640)	Precison 0.627 (0.531)	Recall 0.974 (0.893)
Epoch:[4][560/1012]	Time 0.016 (0.018)	Data 0.005 (0.008)	Loss 0.122 (0.118)	Accuracy 0.588 (0.640)	Precison 0.444 (0.531)	Recall 0.889 (0.893)
Epoch:[4][580/1012]	Time 0.017 (0.018)	Data 0.007 (0.008)	Loss 0.103 (0.118)	Accuracy 0.588 (0.639)	Precison 0.456 (0.530)	Recall 0.929 (0.894)
Epoch:[4][600/1012]	Time 0.016 (0.018)	Data 0.006 (0.008)	Loss 0.117 (0.118)	Accuracy 0.675 (0.639)	Precison 0.576 (0.530)	Recall 0.971 (0.894)
Epoch:[4][620/1012]	Time 0.017 (0.018)	Data 0.007 (0.008)	Loss 0.118 (0.117)	Accuracy 0.538 (0.639)	Precison 0.358 (0.529)	Recall 0.864 (0.895)
Epoch:[4][640/1012]	Time 0.017 (0.018)	Data 0.008 (0.008)	Loss 0.104 (0.117)	Accuracy 0.675 (0.638)	Precison 0.547 (0.529)	Recall 0.935 (0.895)
Epoch:[4][660/1012]	Time 0.018 (0.018)	Data 0.008 (0.008)	Loss 0.111 (0.117)	Accuracy 0.562 (0.638)	Precison 0.431 (0.528)	Recall 0.926 (0.896)
Epoch:[4][680/1012]	Time 0.018 (0.018)	Data 0.008 (0.008)	Loss 0.147 (0.117)	Accuracy 0.625 (0.637)	Precison 0.500 (0.527)	Recall 0.800 (0.895)
Epoch:[4][700/1012]	Time 0.016 (0.018)	Data 0.006 (0.008)	Loss 0.123 (0.117)	Accuracy 0.550 (0.637)	Precison 0.407 (0.527)	Recall 0.846 (0.895)
Epoch:[4][720/1012]	Time 0.011 (0.018)	Data 0.001 (0.008)	Loss 0.139 (0.117)	Accuracy 0.650 (0.637)	Precison 0.612 (0.526)	Recall 0.769 (0.895)
Epoch:[4][740/1012]	Time 0.015 (0.018)	Data 0.005 (0.008)	Loss 0.124 (0.117)	Accuracy 0.775 (0.637)	Precison 0.745 (0.526)	Recall 0.911 (0.895)
Epoch:[4][760/1012]	Time 0.016 (0.018)	Data 0.000 (0.007)	Loss 0.116 (0.117)	Accuracy 0.613 (0.637)	Precison 0.458 (0.526)	Recall 0.815 (0.896)
Epoch:[4][780/1012]	Time 0.018 (0.018)	Data 0.009 (0.007)	Loss 0.124 (0.117)	Accuracy 0.575 (0.638)	Precison 0.444 (0.527)	Recall 0.857 (0.897)
Epoch:[4][800/1012]	Time 0.017 (0.018)	Data 0.007 (0.007)	Loss 0.111 (0.117)	Accuracy 0.600 (0.637)	Precison 0.400 (0.526)	Recall 0.783 (0.897)
Epoch:[4][820/1012]	Time 0.009 (0.018)	Data 0.001 (0.007)	Loss 0.111 (0.117)	Accuracy 0.750 (0.638)	Precison 0.654 (0.527)	Recall 0.944 (0.896)
Epoch:[4][840/1012]	Time 0.016 (0.018)	Data 0.007 (0.007)	Loss 0.111 (0.117)	Accuracy 0.562 (0.637)	Precison 0.393 (0.526)	Recall 0.957 (0.896)
Epoch:[4][860/1012]	Time 0.016 (0.018)	Data 0.007 (0.007)	Loss 0.127 (0.117)	Accuracy 0.625 (0.637)	Precison 0.534 (0.527)	Recall 0.912 (0.896)
Epoch:[4][880/1012]	Time 0.019 (0.018)	Data 0.008 (0.007)	Loss 0.119 (0.117)	Accuracy 0.675 (0.637)	Precison 0.588 (0.527)	Recall 0.857 (0.897)
Epoch:[4][900/1012]	Time 0.025 (0.018)	Data 0.010 (0.007)	Loss 0.129 (0.117)	Accuracy 0.625 (0.637)	Precison 0.537 (0.527)	Recall 0.853 (0.896)
Epoch:[4][920/1012]	Time 0.016 (0.018)	Data 0.007 (0.007)	Loss 0.109 (0.117)	Accuracy 0.663 (0.638)	Precison 0.490 (0.528)	Recall 0.923 (0.896)
Epoch:[4][940/1012]	Time 0.016 (0.018)	Data 0.006 (0.007)	Loss 0.125 (0.117)	Accuracy 0.538 (0.638)	Precison 0.418 (0.528)	Recall 0.821 (0.896)
Epoch:[4][960/1012]	Time 0.017 (0.018)	Data 0.006 (0.007)	Loss 0.115 (0.117)	Accuracy 0.713 (0.638)	Precison 0.577 (0.528)	Recall 0.968 (0.896)
Epoch:[4][980/1012]	Time 0.016 (0.018)	Data 0.003 (0.007)	Loss 0.122 (0.117)	Accuracy 0.637 (0.637)	Precison 0.556 (0.528)	Recall 0.857 (0.895)
Epoch:[4][1000/1012]	Time 0.016 (0.018)	Data 0.007 (0.007)	Loss 0.115 (0.117)	Accuracy 0.713 (0.637)	Precison 0.636 (0.527)	Recall 0.921 (0.895)
Current lr 1.0000000000000002e-06
Epoch:[5][0/1012]	Time 0.755 (0.755)	Data 0.736 (0.736)	Loss 0.123 (0.123)	Accuracy 0.550 (0.550)	Precison 0.320 (0.320)	Recall 0.889 (0.889)
Epoch:[5][20/1012]	Time 0.016 (0.052)	Data 0.007 (0.043)	Loss 0.127 (0.119)	Accuracy 0.562 (0.640)	Precison 0.474 (0.523)	Recall 0.844 (0.900)
Epoch:[5][40/1012]	Time 0.015 (0.035)	Data 0.005 (0.026)	Loss 0.122 (0.117)	Accuracy 0.663 (0.648)	Precison 0.574 (0.531)	Recall 0.794 (0.900)
Epoch:[5][60/1012]	Time 0.018 (0.029)	Data 0.008 (0.020)	Loss 0.113 (0.117)	Accuracy 0.600 (0.647)	Precison 0.378 (0.535)	Recall 0.810 (0.899)
Epoch:[5][80/1012]	Time 0.024 (0.026)	Data 0.008 (0.016)	Loss 0.131 (0.117)	Accuracy 0.613 (0.653)	Precison 0.510 (0.544)	Recall 0.812 (0.900)
Epoch:[5][100/1012]	Time 0.014 (0.024)	Data 0.004 (0.014)	Loss 0.132 (0.117)	Accuracy 0.588 (0.652)	Precison 0.500 (0.545)	Recall 0.727 (0.898)
Epoch:[5][120/1012]	Time 0.015 (0.023)	Data 0.006 (0.013)	Loss 0.120 (0.116)	Accuracy 0.538 (0.653)	Precison 0.373 (0.548)	Recall 0.792 (0.900)
Epoch:[5][140/1012]	Time 0.018 (0.022)	Data 0.008 (0.012)	Loss 0.104 (0.116)	Accuracy 0.650 (0.650)	Precison 0.518 (0.542)	Recall 0.967 (0.900)
Epoch:[5][160/1012]	Time 0.014 (0.022)	Data 0.004 (0.011)	Loss 0.111 (0.116)	Accuracy 0.688 (0.648)	Precison 0.571 (0.540)	Recall 0.970 (0.899)
Epoch:[5][180/1012]	Time 0.012 (0.021)	Data 0.003 (0.011)	Loss 0.137 (0.117)	Accuracy 0.700 (0.644)	Precison 0.612 (0.536)	Recall 0.857 (0.895)
Epoch:[5][200/1012]	Time 0.016 (0.021)	Data 0.006 (0.010)	Loss 0.103 (0.117)	Accuracy 0.688 (0.647)	Precison 0.510 (0.539)	Recall 0.962 (0.896)
Epoch:[5][220/1012]	Time 0.026 (0.020)	Data 0.006 (0.010)	Loss 0.117 (0.117)	Accuracy 0.688 (0.644)	Precison 0.625 (0.536)	Recall 0.897 (0.895)
Epoch:[5][240/1012]	Time 0.016 (0.020)	Data 0.007 (0.009)	Loss 0.116 (0.117)	Accuracy 0.512 (0.643)	Precison 0.345 (0.536)	Recall 0.952 (0.896)
Epoch:[5][260/1012]	Time 0.013 (0.020)	Data 0.004 (0.009)	Loss 0.104 (0.117)	Accuracy 0.788 (0.644)	Precison 0.706 (0.537)	Recall 0.947 (0.898)
Epoch:[5][280/1012]	Time 0.018 (0.020)	Data 0.009 (0.009)	Loss 0.120 (0.117)	Accuracy 0.600 (0.643)	Precison 0.482 (0.537)	Recall 0.900 (0.897)
Epoch:[5][300/1012]	Time 0.017 (0.020)	Data 0.008 (0.009)	Loss 0.118 (0.117)	Accuracy 0.663 (0.645)	Precison 0.549 (0.538)	Recall 0.875 (0.898)
Epoch:[5][320/1012]	Time 0.020 (0.019)	Data 0.011 (0.009)	Loss 0.116 (0.117)	Accuracy 0.575 (0.644)	Precison 0.484 (0.536)	Recall 0.938 (0.899)
Epoch:[5][340/1012]	Time 0.017 (0.019)	Data 0.008 (0.009)	Loss 0.120 (0.117)	Accuracy 0.688 (0.644)	Precison 0.585 (0.535)	Recall 0.912 (0.899)
Epoch:[5][360/1012]	Time 0.017 (0.019)	Data 0.008 (0.009)	Loss 0.101 (0.117)	Accuracy 0.688 (0.644)	Precison 0.545 (0.535)	Recall 1.000 (0.899)
Epoch:[5][380/1012]	Time 0.018 (0.019)	Data 0.009 (0.009)	Loss 0.111 (0.117)	Accuracy 0.750 (0.644)	Precison 0.679 (0.535)	Recall 0.950 (0.901)
Epoch:[5][400/1012]	Time 0.016 (0.019)	Data 0.007 (0.009)	Loss 0.138 (0.117)	Accuracy 0.663 (0.642)	Precison 0.635 (0.533)	Recall 0.805 (0.900)
Epoch:[5][420/1012]	Time 0.018 (0.019)	Data 0.009 (0.009)	Loss 0.098 (0.117)	Accuracy 0.562 (0.643)	Precison 0.364 (0.533)	Recall 1.000 (0.901)
Epoch:[5][440/1012]	Time 0.015 (0.019)	Data 0.002 (0.008)	Loss 0.131 (0.117)	Accuracy 0.488 (0.642)	Precison 0.377 (0.533)	Recall 0.885 (0.899)
Epoch:[5][460/1012]	Time 0.019 (0.019)	Data 0.010 (0.008)	Loss 0.118 (0.117)	Accuracy 0.575 (0.642)	Precison 0.456 (0.533)	Recall 0.897 (0.899)
Epoch:[5][480/1012]	Time 0.015 (0.019)	Data 0.007 (0.008)	Loss 0.117 (0.117)	Accuracy 0.637 (0.641)	Precison 0.519 (0.531)	Recall 0.903 (0.899)
Epoch:[5][500/1012]	Time 0.019 (0.019)	Data 0.010 (0.008)	Loss 0.100 (0.117)	Accuracy 0.588 (0.640)	Precison 0.418 (0.531)	Recall 0.958 (0.898)
Epoch:[5][520/1012]	Time 0.015 (0.019)	Data 0.006 (0.008)	Loss 0.112 (0.117)	Accuracy 0.713 (0.640)	Precison 0.596 (0.530)	Recall 0.939 (0.899)
Epoch:[5][540/1012]	Time 0.019 (0.019)	Data 0.009 (0.008)	Loss 0.109 (0.117)	Accuracy 0.663 (0.640)	Precison 0.500 (0.529)	Recall 0.963 (0.899)
Epoch:[5][560/1012]	Time 0.018 (0.019)	Data 0.009 (0.008)	Loss 0.116 (0.117)	Accuracy 0.650 (0.640)	Precison 0.489 (0.529)	Recall 0.852 (0.900)
Epoch:[5][580/1012]	Time 0.016 (0.019)	Data 0.007 (0.008)	Loss 0.120 (0.117)	Accuracy 0.650 (0.640)	Precison 0.549 (0.529)	Recall 0.848 (0.898)
Epoch:[5][600/1012]	Time 0.020 (0.019)	Data 0.009 (0.008)	Loss 0.102 (0.117)	Accuracy 0.613 (0.639)	Precison 0.434 (0.528)	Recall 0.958 (0.898)
Epoch:[5][620/1012]	Time 0.020 (0.019)	Data 0.009 (0.008)	Loss 0.107 (0.117)	Accuracy 0.600 (0.639)	Precison 0.415 (0.527)	Recall 0.957 (0.898)
Epoch:[5][640/1012]	Time 0.026 (0.018)	Data 0.007 (0.008)	Loss 0.102 (0.117)	Accuracy 0.637 (0.639)	Precison 0.491 (0.528)	Recall 0.929 (0.898)
Epoch:[5][660/1012]	Time 0.015 (0.018)	Data 0.007 (0.008)	Loss 0.112 (0.117)	Accuracy 0.650 (0.639)	Precison 0.537 (0.529)	Recall 0.906 (0.897)
Epoch:[5][680/1012]	Time 0.014 (0.018)	Data 0.005 (0.008)	Loss 0.124 (0.117)	Accuracy 0.625 (0.639)	Precison 0.537 (0.529)	Recall 0.853 (0.897)
Epoch:[5][700/1012]	Time 0.015 (0.018)	Data 0.006 (0.008)	Loss 0.114 (0.117)	Accuracy 0.625 (0.640)	Precison 0.491 (0.529)	Recall 0.966 (0.897)
Epoch:[5][720/1012]	Time 0.017 (0.018)	Data 0.008 (0.008)	Loss 0.122 (0.117)	Accuracy 0.825 (0.639)	Precison 0.833 (0.529)	Recall 0.870 (0.896)
Epoch:[5][740/1012]	Time 0.018 (0.018)	Data 0.009 (0.008)	Loss 0.115 (0.117)	Accuracy 0.637 (0.640)	Precison 0.500 (0.529)	Recall 0.862 (0.896)
Epoch:[5][760/1012]	Time 0.015 (0.018)	Data 0.006 (0.008)	Loss 0.125 (0.117)	Accuracy 0.588 (0.639)	Precison 0.473 (0.528)	Recall 0.867 (0.896)
Epoch:[5][780/1012]	Time 0.019 (0.018)	Data 0.009 (0.008)	Loss 0.115 (0.117)	Accuracy 0.575 (0.639)	Precison 0.421 (0.529)	Recall 0.960 (0.896)
Epoch:[5][800/1012]	Time 0.017 (0.018)	Data 0.007 (0.008)	Loss 0.112 (0.117)	Accuracy 0.625 (0.639)	Precison 0.482 (0.529)	Recall 0.964 (0.896)
Epoch:[5][820/1012]	Time 0.016 (0.018)	Data 0.007 (0.008)	Loss 0.114 (0.117)	Accuracy 0.613 (0.640)	Precison 0.463 (0.529)	Recall 0.926 (0.897)
Epoch:[5][840/1012]	Time 0.015 (0.018)	Data 0.000 (0.008)	Loss 0.107 (0.117)	Accuracy 0.637 (0.640)	Precison 0.509 (0.530)	Recall 0.967 (0.896)
Epoch:[5][860/1012]	Time 0.012 (0.018)	Data 0.000 (0.008)	Loss 0.119 (0.117)	Accuracy 0.650 (0.640)	Precison 0.564 (0.530)	Recall 0.886 (0.896)
Epoch:[5][880/1012]	Time 0.018 (0.018)	Data 0.008 (0.008)	Loss 0.123 (0.117)	Accuracy 0.650 (0.640)	Precison 0.556 (0.529)	Recall 0.882 (0.896)
Epoch:[5][900/1012]	Time 0.014 (0.018)	Data 0.006 (0.008)	Loss 0.115 (0.117)	Accuracy 0.713 (0.640)	Precison 0.647 (0.530)	Recall 0.868 (0.896)
Epoch:[5][920/1012]	Time 0.017 (0.018)	Data 0.008 (0.008)	Loss 0.124 (0.117)	Accuracy 0.488 (0.640)	Precison 0.339 (0.530)	Recall 0.909 (0.895)
Epoch:[5][940/1012]	Time 0.012 (0.018)	Data 0.001 (0.008)	Loss 0.101 (0.117)	Accuracy 0.637 (0.639)	Precison 0.491 (0.529)	Recall 0.964 (0.895)
Epoch:[5][960/1012]	Time 0.014 (0.018)	Data 0.006 (0.008)	Loss 0.124 (0.117)	Accuracy 0.625 (0.639)	Precison 0.545 (0.528)	Recall 0.857 (0.895)
Epoch:[5][980/1012]	Time 0.017 (0.018)	Data 0.007 (0.008)	Loss 0.125 (0.117)	Accuracy 0.600 (0.638)	Precison 0.469 (0.527)	Recall 0.793 (0.895)
Epoch:[5][1000/1012]	Time 0.016 (0.018)	Data 0.007 (0.008)	Loss 0.123 (0.117)	Accuracy 0.637 (0.638)	Precison 0.531 (0.527)	Recall 0.812 (0.895)
Current lr 1.0000000000000002e-06
Epoch:[6][0/1012]	Time 0.739 (0.739)	Data 0.725 (0.725)	Loss 0.111 (0.111)	Accuracy 0.775 (0.775)	Precison 0.680 (0.680)	Recall 0.944 (0.944)
Epoch:[6][20/1012]	Time 0.015 (0.051)	Data 0.005 (0.040)	Loss 0.116 (0.116)	Accuracy 0.713 (0.630)	Precison 0.558 (0.510)	Recall 0.857 (0.858)
Epoch:[6][40/1012]	Time 0.014 (0.035)	Data 0.000 (0.021)	Loss 0.116 (0.118)	Accuracy 0.713 (0.634)	Precison 0.646 (0.525)	Recall 0.838 (0.870)
Epoch:[6][60/1012]	Time 0.018 (0.029)	Data 0.009 (0.016)	Loss 0.136 (0.117)	Accuracy 0.562 (0.627)	Precison 0.481 (0.516)	Recall 0.758 (0.875)
Epoch:[6][80/1012]	Time 0.022 (0.026)	Data 0.010 (0.014)	Loss 0.118 (0.118)	Accuracy 0.550 (0.626)	Precison 0.459 (0.514)	Recall 0.903 (0.878)
Epoch:[6][100/1012]	Time 0.020 (0.024)	Data 0.010 (0.013)	Loss 0.121 (0.117)	Accuracy 0.625 (0.628)	Precison 0.483 (0.515)	Recall 1.000 (0.882)
Epoch:[6][120/1012]	Time 0.016 (0.023)	Data 0.008 (0.012)	Loss 0.111 (0.118)	Accuracy 0.550 (0.631)	Precison 0.397 (0.521)	Recall 0.958 (0.882)
Epoch:[6][140/1012]	Time 0.018 (0.022)	Data 0.009 (0.011)	Loss 0.120 (0.118)	Accuracy 0.600 (0.631)	Precison 0.455 (0.522)	Recall 0.926 (0.885)
Epoch:[6][160/1012]	Time 0.023 (0.021)	Data 0.009 (0.011)	Loss 0.105 (0.117)	Accuracy 0.637 (0.635)	Precison 0.518 (0.526)	Recall 0.935 (0.888)
Epoch:[6][180/1012]	Time 0.015 (0.021)	Data 0.006 (0.010)	Loss 0.138 (0.118)	Accuracy 0.562 (0.632)	Precison 0.451 (0.522)	Recall 0.767 (0.887)
Epoch:[6][200/1012]	Time 0.017 (0.021)	Data 0.007 (0.010)	Loss 0.115 (0.118)	Accuracy 0.713 (0.631)	Precison 0.615 (0.520)	Recall 0.914 (0.889)
Epoch:[6][220/1012]	Time 0.016 (0.020)	Data 0.006 (0.010)	Loss 0.113 (0.118)	Accuracy 0.562 (0.630)	Precison 0.393 (0.519)	Recall 0.957 (0.889)
Epoch:[6][240/1012]	Time 0.019 (0.020)	Data 0.008 (0.010)	Loss 0.113 (0.117)	Accuracy 0.600 (0.631)	Precison 0.412 (0.520)	Recall 0.913 (0.889)
Epoch:[6][260/1012]	Time 0.017 (0.020)	Data 0.007 (0.009)	Loss 0.126 (0.117)	Accuracy 0.525 (0.632)	Precison 0.452 (0.522)	Recall 0.875 (0.889)
Epoch:[6][280/1012]	Time 0.018 (0.020)	Data 0.008 (0.009)	Loss 0.153 (0.117)	Accuracy 0.738 (0.633)	Precison 0.800 (0.524)	Recall 0.815 (0.889)
Epoch:[6][300/1012]	Time 0.016 (0.019)	Data 0.006 (0.009)	Loss 0.118 (0.117)	Accuracy 0.688 (0.633)	Precison 0.611 (0.525)	Recall 0.892 (0.889)
Epoch:[6][320/1012]	Time 0.018 (0.019)	Data 0.008 (0.009)	Loss 0.128 (0.118)	Accuracy 0.600 (0.635)	Precison 0.533 (0.528)	Recall 0.889 (0.889)
Epoch:[6][340/1012]	Time 0.016 (0.019)	Data 0.005 (0.009)	Loss 0.127 (0.118)	Accuracy 0.550 (0.635)	Precison 0.484 (0.528)	Recall 0.882 (0.890)
Epoch:[6][360/1012]	Time 0.018 (0.019)	Data 0.008 (0.009)	Loss 0.104 (0.118)	Accuracy 0.738 (0.635)	Precison 0.655 (0.527)	Recall 0.974 (0.890)
Epoch:[6][380/1012]	Time 0.019 (0.019)	Data 0.006 (0.008)	Loss 0.108 (0.117)	Accuracy 0.600 (0.635)	Precison 0.456 (0.526)	Recall 0.963 (0.891)
Epoch:[6][400/1012]	Time 0.012 (0.019)	Data 0.002 (0.008)	Loss 0.112 (0.117)	Accuracy 0.562 (0.635)	Precison 0.388 (0.526)	Recall 0.792 (0.891)
Epoch:[6][420/1012]	Time 0.016 (0.019)	Data 0.002 (0.008)	Loss 0.133 (0.118)	Accuracy 0.575 (0.634)	Precison 0.538 (0.525)	Recall 0.737 (0.891)
Epoch:[6][440/1012]	Time 0.015 (0.019)	Data 0.007 (0.008)	Loss 0.111 (0.117)	Accuracy 0.637 (0.636)	Precison 0.556 (0.527)	Recall 0.857 (0.891)
Epoch:[6][460/1012]	Time 0.024 (0.019)	Data 0.013 (0.008)	Loss 0.111 (0.117)	Accuracy 0.700 (0.634)	Precison 0.562 (0.525)	Recall 0.900 (0.891)
Epoch:[6][480/1012]	Time 0.016 (0.019)	Data 0.006 (0.008)	Loss 0.115 (0.117)	Accuracy 0.688 (0.634)	Precison 0.596 (0.525)	Recall 0.944 (0.890)
Epoch:[6][500/1012]	Time 0.011 (0.018)	Data 0.001 (0.008)	Loss 0.128 (0.117)	Accuracy 0.562 (0.635)	Precison 0.462 (0.526)	Recall 0.774 (0.890)
Epoch:[6][520/1012]	Time 0.019 (0.018)	Data 0.010 (0.008)	Loss 0.142 (0.117)	Accuracy 0.562 (0.634)	Precison 0.490 (0.526)	Recall 0.735 (0.891)
Epoch:[6][540/1012]	Time 0.017 (0.018)	Data 0.007 (0.008)	Loss 0.109 (0.118)	Accuracy 0.688 (0.635)	Precison 0.580 (0.527)	Recall 0.879 (0.890)
Epoch:[6][560/1012]	Time 0.017 (0.018)	Data 0.007 (0.008)	Loss 0.113 (0.118)	Accuracy 0.613 (0.635)	Precison 0.473 (0.527)	Recall 0.929 (0.889)
Epoch:[6][580/1012]	Time 0.016 (0.018)	Data 0.006 (0.008)	Loss 0.138 (0.118)	Accuracy 0.562 (0.635)	Precison 0.455 (0.526)	Recall 0.833 (0.889)
Epoch:[6][600/1012]	Time 0.019 (0.018)	Data 0.009 (0.008)	Loss 0.107 (0.118)	Accuracy 0.625 (0.635)	Precison 0.451 (0.527)	Recall 0.920 (0.889)
Epoch:[6][620/1012]	Time 0.015 (0.018)	Data 0.001 (0.008)	Loss 0.114 (0.117)	Accuracy 0.750 (0.635)	Precison 0.704 (0.526)	Recall 0.905 (0.890)
Epoch:[6][640/1012]	Time 0.017 (0.018)	Data 0.000 (0.008)	Loss 0.131 (0.117)	Accuracy 0.663 (0.635)	Precison 0.588 (0.526)	Recall 0.833 (0.890)
Epoch:[6][660/1012]	Time 0.016 (0.018)	Data 0.007 (0.008)	Loss 0.117 (0.117)	Accuracy 0.700 (0.635)	Precison 0.607 (0.526)	Recall 0.944 (0.891)
Epoch:[6][680/1012]	Time 0.025 (0.018)	Data 0.008 (0.008)	Loss 0.116 (0.117)	Accuracy 0.675 (0.635)	Precison 0.531 (0.527)	Recall 0.897 (0.891)
Epoch:[6][700/1012]	Time 0.019 (0.018)	Data 0.006 (0.008)	Loss 0.130 (0.117)	Accuracy 0.700 (0.636)	Precison 0.667 (0.527)	Recall 0.829 (0.891)
Epoch:[6][720/1012]	Time 0.016 (0.018)	Data 0.007 (0.008)	Loss 0.115 (0.117)	Accuracy 0.700 (0.636)	Precison 0.574 (0.527)	Recall 0.969 (0.891)
Epoch:[6][740/1012]	Time 0.022 (0.018)	Data 0.009 (0.008)	Loss 0.110 (0.117)	Accuracy 0.738 (0.637)	Precison 0.604 (0.528)	Recall 1.000 (0.892)
Epoch:[6][760/1012]	Time 0.013 (0.018)	Data 0.004 (0.008)	Loss 0.111 (0.117)	Accuracy 0.713 (0.637)	Precison 0.620 (0.528)	Recall 0.886 (0.893)
Epoch:[6][780/1012]	Time 0.019 (0.018)	Data 0.009 (0.008)	Loss 0.122 (0.117)	Accuracy 0.588 (0.636)	Precison 0.517 (0.527)	Recall 0.886 (0.892)
Epoch:[6][800/1012]	Time 0.017 (0.018)	Data 0.007 (0.008)	Loss 0.116 (0.117)	Accuracy 0.588 (0.637)	Precison 0.500 (0.528)	Recall 0.970 (0.893)
Epoch:[6][820/1012]	Time 0.016 (0.018)	Data 0.007 (0.008)	Loss 0.117 (0.117)	Accuracy 0.588 (0.637)	Precison 0.475 (0.528)	Recall 0.933 (0.893)
Epoch:[6][840/1012]	Time 0.015 (0.018)	Data 0.005 (0.008)	Loss 0.109 (0.117)	Accuracy 0.637 (0.637)	Precison 0.481 (0.527)	Recall 0.963 (0.893)
Epoch:[6][860/1012]	Time 0.018 (0.018)	Data 0.009 (0.008)	Loss 0.126 (0.117)	Accuracy 0.488 (0.637)	Precison 0.345 (0.527)	Recall 0.870 (0.893)
Epoch:[6][880/1012]	Time 0.017 (0.018)	Data 0.007 (0.008)	Loss 0.109 (0.117)	Accuracy 0.738 (0.637)	Precison 0.647 (0.527)	Recall 0.917 (0.893)
Epoch:[6][900/1012]	Time 0.018 (0.018)	Data 0.008 (0.007)	Loss 0.122 (0.117)	Accuracy 0.600 (0.637)	Precison 0.519 (0.528)	Recall 0.794 (0.893)
Epoch:[6][920/1012]	Time 0.017 (0.018)	Data 0.005 (0.007)	Loss 0.119 (0.117)	Accuracy 0.525 (0.636)	Precison 0.386 (0.527)	Recall 0.880 (0.893)
Epoch:[6][940/1012]	Time 0.017 (0.018)	Data 0.006 (0.007)	Loss 0.117 (0.117)	Accuracy 0.575 (0.636)	Precison 0.456 (0.527)	Recall 0.897 (0.892)
Epoch:[6][960/1012]	Time 0.018 (0.018)	Data 0.008 (0.007)	Loss 0.143 (0.117)	Accuracy 0.613 (0.636)	Precison 0.571 (0.527)	Recall 0.737 (0.892)
Epoch:[6][980/1012]	Time 0.016 (0.018)	Data 0.003 (0.007)	Loss 0.116 (0.117)	Accuracy 0.688 (0.636)	Precison 0.564 (0.526)	Recall 0.969 (0.892)
Epoch:[6][1000/1012]	Time 0.015 (0.018)	Data 0.007 (0.007)	Loss 0.135 (0.117)	Accuracy 0.500 (0.636)	Precison 0.426 (0.526)	Recall 0.839 (0.892)
Current lr 1.0000000000000002e-06
Epoch:[7][0/1012]	Time 0.745 (0.745)	Data 0.731 (0.731)	Loss 0.123 (0.123)	Accuracy 0.625 (0.625)	Precison 0.479 (0.479)	Recall 0.821 (0.821)
Epoch:[7][20/1012]	Time 0.017 (0.052)	Data 0.007 (0.042)	Loss 0.144 (0.118)	Accuracy 0.650 (0.611)	Precison 0.610 (0.478)	Recall 0.878 (0.891)
Epoch:[7][40/1012]	Time 0.017 (0.035)	Data 0.002 (0.025)	Loss 0.100 (0.117)	Accuracy 0.637 (0.629)	Precison 0.442 (0.505)	Recall 1.000 (0.897)
Epoch:[7][60/1012]	Time 0.016 (0.029)	Data 0.008 (0.018)	Loss 0.118 (0.118)	Accuracy 0.625 (0.627)	Precison 0.527 (0.503)	Recall 0.879 (0.885)
Epoch:[7][80/1012]	Time 0.019 (0.026)	Data 0.009 (0.016)	Loss 0.130 (0.117)	Accuracy 0.688 (0.633)	Precison 0.612 (0.514)	Recall 0.833 (0.889)
Epoch:[7][100/1012]	Time 0.016 (0.024)	Data 0.006 (0.014)	Loss 0.120 (0.117)	Accuracy 0.663 (0.637)	Precison 0.551 (0.519)	Recall 0.844 (0.892)
Epoch:[7][120/1012]	Time 0.012 (0.023)	Data 0.003 (0.013)	Loss 0.115 (0.116)	Accuracy 0.500 (0.633)	Precison 0.333 (0.513)	Recall 1.000 (0.896)
Epoch:[7][140/1012]	Time 0.019 (0.022)	Data 0.009 (0.012)	Loss 0.115 (0.116)	Accuracy 0.700 (0.633)	Precison 0.640 (0.512)	Recall 0.842 (0.898)
Epoch:[7][160/1012]	Time 0.013 (0.021)	Data 0.004 (0.011)	Loss 0.114 (0.117)	Accuracy 0.613 (0.631)	Precison 0.483 (0.511)	Recall 0.966 (0.896)
Epoch:[7][180/1012]	Time 0.012 (0.021)	Data 0.002 (0.011)	Loss 0.136 (0.117)	Accuracy 0.550 (0.633)	Precison 0.483 (0.515)	Recall 0.824 (0.895)
Epoch:[7][200/1012]	Time 0.014 (0.021)	Data 0.005 (0.010)	Loss 0.113 (0.117)	Accuracy 0.738 (0.634)	Precison 0.652 (0.517)	Recall 0.857 (0.895)
Epoch:[7][220/1012]	Time 0.019 (0.020)	Data 0.007 (0.010)	Loss 0.136 (0.117)	Accuracy 0.613 (0.632)	Precison 0.500 (0.516)	Recall 0.710 (0.893)
Epoch:[7][240/1012]	Time 0.016 (0.020)	Data 0.006 (0.009)	Loss 0.124 (0.118)	Accuracy 0.700 (0.630)	Precison 0.667 (0.514)	Recall 0.829 (0.892)
Epoch:[7][260/1012]	Time 0.016 (0.020)	Data 0.006 (0.009)	Loss 0.117 (0.118)	Accuracy 0.600 (0.630)	Precison 0.462 (0.515)	Recall 0.857 (0.891)
Epoch:[7][280/1012]	Time 0.016 (0.020)	Data 0.005 (0.009)	Loss 0.131 (0.118)	Accuracy 0.538 (0.631)	Precison 0.444 (0.517)	Recall 0.774 (0.890)
Epoch:[7][300/1012]	Time 0.016 (0.019)	Data 0.001 (0.009)	Loss 0.126 (0.118)	Accuracy 0.738 (0.632)	Precison 0.708 (0.520)	Recall 0.829 (0.890)
Epoch:[7][320/1012]	Time 0.015 (0.019)	Data 0.007 (0.008)	Loss 0.123 (0.118)	Accuracy 0.775 (0.634)	Precison 0.776 (0.523)	Recall 0.844 (0.890)
Epoch:[7][340/1012]	Time 0.013 (0.019)	Data 0.003 (0.008)	Loss 0.111 (0.118)	Accuracy 0.688 (0.635)	Precison 0.604 (0.524)	Recall 0.889 (0.890)
Epoch:[7][360/1012]	Time 0.010 (0.019)	Data 0.000 (0.008)	Loss 0.104 (0.118)	Accuracy 0.637 (0.636)	Precison 0.509 (0.524)	Recall 0.967 (0.891)
Epoch:[7][380/1012]	Time 0.017 (0.019)	Data 0.007 (0.008)	Loss 0.133 (0.118)	Accuracy 0.688 (0.635)	Precison 0.617 (0.523)	Recall 0.806 (0.891)
Epoch:[7][400/1012]	Time 0.019 (0.019)	Data 0.007 (0.008)	Loss 0.107 (0.118)	Accuracy 0.575 (0.635)	Precison 0.439 (0.523)	Recall 0.926 (0.892)
Epoch:[7][420/1012]	Time 0.018 (0.019)	Data 0.008 (0.008)	Loss 0.116 (0.118)	Accuracy 0.625 (0.634)	Precison 0.538 (0.522)	Recall 0.824 (0.892)
Epoch:[7][440/1012]	Time 0.016 (0.019)	Data 0.006 (0.008)	Loss 0.117 (0.118)	Accuracy 0.688 (0.634)	Precison 0.588 (0.523)	Recall 0.882 (0.892)
Epoch:[7][460/1012]	Time 0.018 (0.019)	Data 0.008 (0.008)	Loss 0.112 (0.118)	Accuracy 0.600 (0.634)	Precison 0.492 (0.524)	Recall 0.968 (0.892)
Epoch:[7][480/1012]	Time 0.027 (0.019)	Data 0.009 (0.008)	Loss 0.111 (0.118)	Accuracy 0.550 (0.634)	Precison 0.397 (0.523)	Recall 0.958 (0.893)
Epoch:[7][500/1012]	Time 0.017 (0.018)	Data 0.007 (0.007)	Loss 0.125 (0.118)	Accuracy 0.550 (0.634)	Precison 0.444 (0.523)	Recall 0.800 (0.893)
Epoch:[7][520/1012]	Time 0.018 (0.018)	Data 0.008 (0.007)	Loss 0.124 (0.117)	Accuracy 0.625 (0.634)	Precison 0.473 (0.523)	Recall 0.963 (0.894)
Epoch:[7][540/1012]	Time 0.018 (0.018)	Data 0.007 (0.007)	Loss 0.100 (0.117)	Accuracy 0.637 (0.634)	Precison 0.468 (0.523)	Recall 0.846 (0.893)
Epoch:[7][560/1012]	Time 0.019 (0.018)	Data 0.008 (0.007)	Loss 0.122 (0.117)	Accuracy 0.700 (0.633)	Precison 0.611 (0.522)	Recall 0.917 (0.894)
Epoch:[7][580/1012]	Time 0.016 (0.018)	Data 0.003 (0.007)	Loss 0.116 (0.117)	Accuracy 0.562 (0.634)	Precison 0.464 (0.523)	Recall 0.839 (0.893)
Epoch:[7][600/1012]	Time 0.019 (0.018)	Data 0.008 (0.007)	Loss 0.126 (0.118)	Accuracy 0.663 (0.634)	Precison 0.579 (0.523)	Recall 0.917 (0.893)
Epoch:[7][620/1012]	Time 0.010 (0.018)	Data 0.000 (0.007)	Loss 0.118 (0.117)	Accuracy 0.738 (0.635)	Precison 0.667 (0.525)	Recall 0.950 (0.894)
Epoch:[7][640/1012]	Time 0.021 (0.018)	Data 0.009 (0.007)	Loss 0.120 (0.118)	Accuracy 0.613 (0.635)	Precison 0.491 (0.524)	Recall 0.867 (0.894)
Epoch:[7][660/1012]	Time 0.014 (0.018)	Data 0.000 (0.007)	Loss 0.118 (0.117)	Accuracy 0.650 (0.635)	Precison 0.527 (0.524)	Recall 0.935 (0.894)
Epoch:[7][680/1012]	Time 0.014 (0.018)	Data 0.005 (0.007)	Loss 0.127 (0.117)	Accuracy 0.738 (0.636)	Precison 0.648 (0.525)	Recall 0.946 (0.893)
Epoch:[7][700/1012]	Time 0.016 (0.018)	Data 0.007 (0.007)	Loss 0.124 (0.117)	Accuracy 0.588 (0.636)	Precison 0.442 (0.526)	Recall 0.852 (0.894)
Epoch:[7][720/1012]	Time 0.017 (0.018)	Data 0.008 (0.007)	Loss 0.116 (0.117)	Accuracy 0.575 (0.636)	Precison 0.446 (0.525)	Recall 0.893 (0.894)
Epoch:[7][740/1012]	Time 0.011 (0.018)	Data 0.002 (0.007)	Loss 0.129 (0.117)	Accuracy 0.538 (0.636)	Precison 0.414 (0.525)	Recall 0.889 (0.894)
Epoch:[7][760/1012]	Time 0.024 (0.018)	Data 0.008 (0.007)	Loss 0.100 (0.117)	Accuracy 0.762 (0.636)	Precison 0.647 (0.525)	Recall 0.971 (0.894)
Epoch:[7][780/1012]	Time 0.020 (0.018)	Data 0.007 (0.007)	Loss 0.109 (0.117)	Accuracy 0.738 (0.636)	Precison 0.633 (0.525)	Recall 0.912 (0.894)
Epoch:[7][800/1012]	Time 0.011 (0.018)	Data 0.002 (0.007)	Loss 0.114 (0.117)	Accuracy 0.588 (0.635)	Precison 0.484 (0.524)	Recall 0.968 (0.894)
Epoch:[7][820/1012]	Time 0.017 (0.018)	Data 0.006 (0.007)	Loss 0.113 (0.117)	Accuracy 0.637 (0.636)	Precison 0.519 (0.525)	Recall 0.903 (0.894)
Epoch:[7][840/1012]	Time 0.020 (0.018)	Data 0.009 (0.007)	Loss 0.104 (0.117)	Accuracy 0.625 (0.636)	Precison 0.481 (0.526)	Recall 0.929 (0.895)
Epoch:[7][860/1012]	Time 0.015 (0.018)	Data 0.006 (0.007)	Loss 0.132 (0.117)	Accuracy 0.637 (0.637)	Precison 0.596 (0.526)	Recall 0.795 (0.895)
Epoch:[7][880/1012]	Time 0.022 (0.018)	Data 0.008 (0.007)	Loss 0.117 (0.117)	Accuracy 0.637 (0.637)	Precison 0.472 (0.526)	Recall 0.962 (0.894)
Epoch:[7][900/1012]	Time 0.016 (0.018)	Data 0.003 (0.007)	Loss 0.099 (0.117)	Accuracy 0.725 (0.638)	Precison 0.562 (0.527)	Recall 0.964 (0.894)
Epoch:[7][920/1012]	Time 0.016 (0.018)	Data 0.007 (0.007)	Loss 0.139 (0.117)	Accuracy 0.688 (0.638)	Precison 0.709 (0.528)	Recall 0.812 (0.894)
Epoch:[7][940/1012]	Time 0.019 (0.018)	Data 0.009 (0.007)	Loss 0.118 (0.117)	Accuracy 0.575 (0.638)	Precison 0.448 (0.528)	Recall 0.929 (0.894)
Epoch:[7][960/1012]	Time 0.017 (0.018)	Data 0.004 (0.007)	Loss 0.144 (0.117)	Accuracy 0.475 (0.638)	Precison 0.414 (0.528)	Recall 0.750 (0.895)
Epoch:[7][980/1012]	Time 0.018 (0.018)	Data 0.008 (0.007)	Loss 0.117 (0.117)	Accuracy 0.500 (0.638)	Precison 0.379 (0.528)	Recall 0.846 (0.894)
Epoch:[7][1000/1012]	Time 0.015 (0.018)	Data 0.004 (0.007)	Loss 0.112 (0.117)	Accuracy 0.725 (0.638)	Precison 0.565 (0.528)	Recall 0.929 (0.894)
Current lr 1.0000000000000002e-06
Epoch:[8][0/1012]	Time 0.759 (0.759)	Data 0.737 (0.737)	Loss 0.136 (0.136)	Accuracy 0.625 (0.625)	Precison 0.540 (0.540)	Recall 0.794 (0.794)
Epoch:[8][20/1012]	Time 0.019 (0.053)	Data 0.000 (0.035)	Loss 0.100 (0.119)	Accuracy 0.700 (0.636)	Precison 0.582 (0.525)	Recall 0.970 (0.877)
Epoch:[8][40/1012]	Time 0.016 (0.034)	Data 0.008 (0.020)	Loss 0.110 (0.117)	Accuracy 0.750 (0.637)	Precison 0.690 (0.529)	Recall 0.952 (0.886)
Epoch:[8][60/1012]	Time 0.017 (0.029)	Data 0.008 (0.016)	Loss 0.109 (0.117)	Accuracy 0.675 (0.636)	Precison 0.529 (0.529)	Recall 0.931 (0.886)
Epoch:[8][80/1012]	Time 0.018 (0.026)	Data 0.010 (0.014)	Loss 0.122 (0.117)	Accuracy 0.538 (0.636)	Precison 0.417 (0.527)	Recall 0.926 (0.889)
Epoch:[8][100/1012]	Time 0.016 (0.024)	Data 0.007 (0.013)	Loss 0.103 (0.118)	Accuracy 0.725 (0.636)	Precison 0.596 (0.525)	Recall 0.969 (0.889)
Epoch:[8][120/1012]	Time 0.016 (0.023)	Data 0.006 (0.012)	Loss 0.129 (0.117)	Accuracy 0.575 (0.635)	Precison 0.531 (0.524)	Recall 0.895 (0.889)
Epoch:[8][140/1012]	Time 0.018 (0.022)	Data 0.008 (0.011)	Loss 0.109 (0.117)	Accuracy 0.588 (0.639)	Precison 0.491 (0.530)	Recall 0.875 (0.890)
Epoch:[8][160/1012]	Time 0.016 (0.022)	Data 0.006 (0.011)	Loss 0.122 (0.117)	Accuracy 0.663 (0.640)	Precison 0.560 (0.530)	Recall 0.848 (0.892)
Epoch:[8][180/1012]	Time 0.022 (0.021)	Data 0.009 (0.010)	Loss 0.117 (0.117)	Accuracy 0.650 (0.640)	Precison 0.547 (0.532)	Recall 0.879 (0.894)
Epoch:[8][200/1012]	Time 0.013 (0.021)	Data 0.004 (0.010)	Loss 0.119 (0.117)	Accuracy 0.637 (0.641)	Precison 0.510 (0.531)	Recall 0.867 (0.893)
Epoch:[8][220/1012]	Time 0.019 (0.020)	Data 0.006 (0.009)	Loss 0.128 (0.117)	Accuracy 0.500 (0.639)	Precison 0.386 (0.529)	Recall 0.815 (0.894)
Epoch:[8][240/1012]	Time 0.020 (0.020)	Data 0.007 (0.009)	Loss 0.138 (0.117)	Accuracy 0.600 (0.639)	Precison 0.559 (0.529)	Recall 0.846 (0.894)
Epoch:[8][260/1012]	Time 0.022 (0.020)	Data 0.008 (0.009)	Loss 0.110 (0.117)	Accuracy 0.750 (0.639)	Precison 0.646 (0.528)	Recall 0.912 (0.895)
Epoch:[8][280/1012]	Time 0.015 (0.020)	Data 0.005 (0.009)	Loss 0.147 (0.117)	Accuracy 0.600 (0.641)	Precison 0.545 (0.531)	Recall 0.811 (0.895)
Epoch:[8][300/1012]	Time 0.017 (0.019)	Data 0.005 (0.009)	Loss 0.121 (0.117)	Accuracy 0.600 (0.639)	Precison 0.438 (0.529)	Recall 0.808 (0.893)
Epoch:[8][320/1012]	Time 0.017 (0.019)	Data 0.007 (0.008)	Loss 0.116 (0.117)	Accuracy 0.625 (0.639)	Precison 0.489 (0.530)	Recall 0.759 (0.893)
Epoch:[8][340/1012]	Time 0.017 (0.019)	Data 0.006 (0.008)	Loss 0.107 (0.117)	Accuracy 0.675 (0.640)	Precison 0.577 (0.530)	Recall 0.882 (0.893)
Epoch:[8][360/1012]	Time 0.016 (0.019)	Data 0.001 (0.008)	Loss 0.122 (0.117)	Accuracy 0.575 (0.642)	Precison 0.484 (0.534)	Recall 0.938 (0.895)
Epoch:[8][380/1012]	Time 0.014 (0.019)	Data 0.005 (0.008)	Loss 0.101 (0.117)	Accuracy 0.650 (0.643)	Precison 0.472 (0.535)	Recall 1.000 (0.895)
Epoch:[8][400/1012]	Time 0.018 (0.019)	Data 0.008 (0.008)	Loss 0.114 (0.117)	Accuracy 0.588 (0.643)	Precison 0.483 (0.534)	Recall 0.903 (0.895)
Epoch:[8][420/1012]	Time 0.016 (0.019)	Data 0.007 (0.008)	Loss 0.112 (0.117)	Accuracy 0.625 (0.643)	Precison 0.525 (0.533)	Recall 0.939 (0.896)
Epoch:[8][440/1012]	Time 0.016 (0.019)	Data 0.006 (0.008)	Loss 0.144 (0.117)	Accuracy 0.575 (0.643)	Precison 0.542 (0.533)	Recall 0.821 (0.896)
Epoch:[8][460/1012]	Time 0.016 (0.019)	Data 0.005 (0.008)	Loss 0.130 (0.117)	Accuracy 0.613 (0.643)	Precison 0.519 (0.533)	Recall 0.818 (0.896)
Epoch:[8][480/1012]	Time 0.015 (0.019)	Data 0.007 (0.008)	Loss 0.114 (0.117)	Accuracy 0.675 (0.642)	Precison 0.556 (0.532)	Recall 0.938 (0.896)
Epoch:[8][500/1012]	Time 0.016 (0.018)	Data 0.007 (0.008)	Loss 0.139 (0.117)	Accuracy 0.700 (0.642)	Precison 0.620 (0.532)	Recall 0.861 (0.896)
Epoch:[8][520/1012]	Time 0.022 (0.018)	Data 0.008 (0.008)	Loss 0.113 (0.117)	Accuracy 0.637 (0.641)	Precison 0.528 (0.532)	Recall 0.875 (0.895)
Epoch:[8][540/1012]	Time 0.014 (0.018)	Data 0.005 (0.007)	Loss 0.132 (0.117)	Accuracy 0.575 (0.640)	Precison 0.492 (0.531)	Recall 0.970 (0.896)
Epoch:[8][560/1012]	Time 0.018 (0.018)	Data 0.006 (0.007)	Loss 0.139 (0.117)	Accuracy 0.600 (0.640)	Precison 0.509 (0.531)	Recall 0.848 (0.895)
Epoch:[8][580/1012]	Time 0.018 (0.018)	Data 0.009 (0.007)	Loss 0.119 (0.117)	Accuracy 0.863 (0.640)	Precison 0.830 (0.531)	Recall 0.957 (0.895)
Epoch:[8][600/1012]	Time 0.016 (0.018)	Data 0.007 (0.007)	Loss 0.131 (0.117)	Accuracy 0.650 (0.639)	Precison 0.596 (0.530)	Recall 0.816 (0.895)
Epoch:[8][620/1012]	Time 0.017 (0.018)	Data 0.008 (0.007)	Loss 0.115 (0.117)	Accuracy 0.637 (0.639)	Precison 0.500 (0.530)	Recall 0.828 (0.895)
Epoch:[8][640/1012]	Time 0.021 (0.018)	Data 0.001 (0.007)	Loss 0.119 (0.117)	Accuracy 0.675 (0.639)	Precison 0.562 (0.530)	Recall 0.844 (0.895)
Epoch:[8][660/1012]	Time 0.020 (0.018)	Data 0.007 (0.007)	Loss 0.126 (0.117)	Accuracy 0.675 (0.639)	Precison 0.623 (0.530)	Recall 0.927 (0.895)
Epoch:[8][680/1012]	Time 0.018 (0.018)	Data 0.006 (0.007)	Loss 0.119 (0.117)	Accuracy 0.738 (0.639)	Precison 0.660 (0.530)	Recall 0.892 (0.895)
Epoch:[8][700/1012]	Time 0.024 (0.018)	Data 0.010 (0.007)	Loss 0.112 (0.117)	Accuracy 0.738 (0.639)	Precison 0.648 (0.529)	Recall 0.946 (0.895)
Epoch:[8][720/1012]	Time 0.018 (0.018)	Data 0.009 (0.007)	Loss 0.119 (0.117)	Accuracy 0.538 (0.639)	Precison 0.459 (0.530)	Recall 0.875 (0.895)
Epoch:[8][740/1012]	Time 0.014 (0.018)	Data 0.003 (0.007)	Loss 0.128 (0.117)	Accuracy 0.550 (0.639)	Precison 0.442 (0.530)	Recall 0.767 (0.895)
Epoch:[8][760/1012]	Time 0.012 (0.018)	Data 0.001 (0.007)	Loss 0.093 (0.117)	Accuracy 0.750 (0.639)	Precison 0.623 (0.530)	Recall 1.000 (0.895)
Epoch:[8][780/1012]	Time 0.016 (0.018)	Data 0.006 (0.007)	Loss 0.118 (0.117)	Accuracy 0.538 (0.640)	Precison 0.462 (0.530)	Recall 0.938 (0.895)
Epoch:[8][800/1012]	Time 0.024 (0.018)	Data 0.012 (0.007)	Loss 0.112 (0.117)	Accuracy 0.550 (0.640)	Precison 0.400 (0.531)	Recall 1.000 (0.895)
Epoch:[8][820/1012]	Time 0.026 (0.018)	Data 0.008 (0.007)	Loss 0.110 (0.117)	Accuracy 0.663 (0.640)	Precison 0.558 (0.531)	Recall 0.879 (0.895)
Epoch:[8][840/1012]	Time 0.018 (0.018)	Data 0.005 (0.007)	Loss 0.152 (0.117)	Accuracy 0.637 (0.639)	Precison 0.673 (0.530)	Recall 0.745 (0.895)
Epoch:[8][860/1012]	Time 0.025 (0.018)	Data 0.009 (0.007)	Loss 0.123 (0.117)	Accuracy 0.637 (0.639)	Precison 0.490 (0.529)	Recall 0.857 (0.895)
Epoch:[8][880/1012]	Time 0.014 (0.018)	Data 0.004 (0.007)	Loss 0.101 (0.117)	Accuracy 0.725 (0.639)	Precison 0.577 (0.530)	Recall 1.000 (0.896)
Epoch:[8][900/1012]	Time 0.011 (0.018)	Data 0.001 (0.007)	Loss 0.112 (0.117)	Accuracy 0.725 (0.639)	Precison 0.580 (0.530)	Recall 0.967 (0.895)
Epoch:[8][920/1012]	Time 0.018 (0.018)	Data 0.006 (0.007)	Loss 0.133 (0.117)	Accuracy 0.637 (0.639)	Precison 0.547 (0.530)	Recall 0.853 (0.895)
Epoch:[8][940/1012]	Time 0.016 (0.018)	Data 0.006 (0.007)	Loss 0.117 (0.117)	Accuracy 0.650 (0.639)	Precison 0.582 (0.530)	Recall 0.865 (0.895)
Epoch:[8][960/1012]	Time 0.018 (0.018)	Data 0.001 (0.007)	Loss 0.112 (0.117)	Accuracy 0.663 (0.639)	Precison 0.521 (0.530)	Recall 0.862 (0.895)
Epoch:[8][980/1012]	Time 0.012 (0.018)	Data 0.003 (0.007)	Loss 0.114 (0.117)	Accuracy 0.575 (0.639)	Precison 0.396 (0.529)	Recall 0.913 (0.895)
Epoch:[8][1000/1012]	Time 0.016 (0.018)	Data 0.007 (0.007)	Loss 0.118 (0.117)	Accuracy 0.625 (0.639)	Precison 0.482 (0.529)	Recall 0.964 (0.896)
Current lr 1.0000000000000002e-06
Epoch:[9][0/1012]	Time 0.704 (0.704)	Data 0.688 (0.688)	Loss 0.135 (0.135)	Accuracy 0.600 (0.600)	Precison 0.525 (0.525)	Recall 0.886 (0.886)
Epoch:[9][20/1012]	Time 0.018 (0.049)	Data 0.009 (0.040)	Loss 0.128 (0.123)	Accuracy 0.637 (0.624)	Precison 0.597 (0.527)	Recall 0.902 (0.879)
Epoch:[9][40/1012]	Time 0.019 (0.034)	Data 0.008 (0.024)	Loss 0.131 (0.121)	Accuracy 0.425 (0.633)	Precison 0.298 (0.528)	Recall 0.739 (0.878)
Epoch:[9][60/1012]	Time 0.016 (0.028)	Data 0.004 (0.018)	Loss 0.106 (0.120)	Accuracy 0.725 (0.639)	Precison 0.596 (0.529)	Recall 0.969 (0.886)
Epoch:[9][80/1012]	Time 0.015 (0.025)	Data 0.001 (0.014)	Loss 0.118 (0.119)	Accuracy 0.625 (0.636)	Precison 0.534 (0.525)	Recall 0.912 (0.894)
Epoch:[9][100/1012]	Time 0.016 (0.023)	Data 0.007 (0.012)	Loss 0.098 (0.118)	Accuracy 0.800 (0.641)	Precison 0.723 (0.529)	Recall 0.919 (0.894)
Epoch:[9][120/1012]	Time 0.016 (0.022)	Data 0.008 (0.012)	Loss 0.116 (0.118)	Accuracy 0.512 (0.639)	Precison 0.333 (0.527)	Recall 0.950 (0.897)
Epoch:[9][140/1012]	Time 0.015 (0.021)	Data 0.006 (0.011)	Loss 0.113 (0.118)	Accuracy 0.750 (0.639)	Precison 0.673 (0.527)	Recall 0.921 (0.896)
Epoch:[9][160/1012]	Time 0.017 (0.021)	Data 0.008 (0.011)	Loss 0.123 (0.118)	Accuracy 0.713 (0.636)	Precison 0.692 (0.523)	Recall 0.837 (0.897)
Epoch:[9][180/1012]	Time 0.017 (0.020)	Data 0.008 (0.010)	Loss 0.121 (0.118)	Accuracy 0.650 (0.637)	Precison 0.593 (0.524)	Recall 0.842 (0.896)
Epoch:[9][200/1012]	Time 0.017 (0.020)	Data 0.008 (0.010)	Loss 0.130 (0.118)	Accuracy 0.663 (0.637)	Precison 0.587 (0.523)	Recall 0.974 (0.898)
Epoch:[9][220/1012]	Time 0.019 (0.020)	Data 0.008 (0.010)	Loss 0.114 (0.117)	Accuracy 0.575 (0.638)	Precison 0.463 (0.523)	Recall 0.833 (0.898)
Epoch:[9][240/1012]	Time 0.016 (0.020)	Data 0.007 (0.010)	Loss 0.134 (0.117)	Accuracy 0.650 (0.638)	Precison 0.609 (0.524)	Recall 0.737 (0.897)
Epoch:[9][260/1012]	Time 0.015 (0.019)	Data 0.006 (0.010)	Loss 0.116 (0.117)	Accuracy 0.637 (0.638)	Precison 0.468 (0.524)	Recall 0.846 (0.896)
Epoch:[9][280/1012]	Time 0.015 (0.019)	Data 0.005 (0.009)	Loss 0.122 (0.117)	Accuracy 0.588 (0.637)	Precison 0.440 (0.523)	Recall 0.815 (0.895)
Epoch:[9][300/1012]	Time 0.018 (0.019)	Data 0.009 (0.009)	Loss 0.116 (0.118)	Accuracy 0.588 (0.636)	Precison 0.415 (0.523)	Recall 0.917 (0.895)
Epoch:[9][320/1012]	Time 0.022 (0.019)	Data 0.007 (0.009)	Loss 0.111 (0.118)	Accuracy 0.688 (0.637)	Precison 0.540 (0.524)	Recall 0.931 (0.895)
Epoch:[9][340/1012]	Time 0.019 (0.019)	Data 0.009 (0.009)	Loss 0.107 (0.118)	Accuracy 0.637 (0.636)	Precison 0.545 (0.524)	Recall 0.882 (0.895)
Epoch:[9][360/1012]	Time 0.013 (0.019)	Data 0.003 (0.009)	Loss 0.131 (0.118)	Accuracy 0.525 (0.635)	Precison 0.444 (0.523)	Recall 0.903 (0.895)
Epoch:[9][380/1012]	Time 0.017 (0.019)	Data 0.008 (0.009)	Loss 0.126 (0.118)	Accuracy 0.525 (0.635)	Precison 0.393 (0.522)	Recall 0.960 (0.895)
Epoch:[9][400/1012]	Time 0.016 (0.018)	Data 0.007 (0.008)	Loss 0.114 (0.117)	Accuracy 0.663 (0.636)	Precison 0.585 (0.523)	Recall 0.861 (0.895)
Epoch:[9][420/1012]	Time 0.020 (0.018)	Data 0.009 (0.008)	Loss 0.147 (0.117)	Accuracy 0.650 (0.635)	Precison 0.612 (0.523)	Recall 0.769 (0.894)
Epoch:[9][440/1012]	Time 0.016 (0.018)	Data 0.003 (0.008)	Loss 0.117 (0.117)	Accuracy 0.675 (0.636)	Precison 0.583 (0.524)	Recall 0.824 (0.895)
Epoch:[9][460/1012]	Time 0.012 (0.018)	Data 0.003 (0.008)	Loss 0.137 (0.117)	Accuracy 0.562 (0.636)	Precison 0.509 (0.524)	Recall 0.778 (0.894)
Epoch:[9][480/1012]	Time 0.024 (0.018)	Data 0.009 (0.008)	Loss 0.127 (0.117)	Accuracy 0.575 (0.635)	Precison 0.462 (0.523)	Recall 0.800 (0.894)
Epoch:[9][500/1012]	Time 0.012 (0.018)	Data 0.003 (0.008)	Loss 0.120 (0.117)	Accuracy 0.650 (0.635)	Precison 0.480 (0.523)	Recall 0.923 (0.893)
Epoch:[9][520/1012]	Time 0.013 (0.018)	Data 0.004 (0.008)	Loss 0.107 (0.117)	Accuracy 0.600 (0.634)	Precison 0.484 (0.523)	Recall 1.000 (0.894)
Epoch:[9][540/1012]	Time 0.018 (0.018)	Data 0.008 (0.008)	Loss 0.105 (0.117)	Accuracy 0.625 (0.634)	Precison 0.517 (0.521)	Recall 0.938 (0.894)
Epoch:[9][560/1012]	Time 0.017 (0.018)	Data 0.007 (0.008)	Loss 0.117 (0.117)	Accuracy 0.475 (0.633)	Precison 0.349 (0.521)	Recall 0.957 (0.895)
Epoch:[9][580/1012]	Time 0.016 (0.018)	Data 0.007 (0.008)	Loss 0.121 (0.117)	Accuracy 0.725 (0.634)	Precison 0.653 (0.522)	Recall 0.865 (0.895)
Epoch:[9][600/1012]	Time 0.020 (0.018)	Data 0.008 (0.008)	Loss 0.111 (0.117)	Accuracy 0.600 (0.635)	Precison 0.415 (0.523)	Recall 0.957 (0.896)
Epoch:[9][620/1012]	Time 0.020 (0.018)	Data 0.009 (0.008)	Loss 0.118 (0.117)	Accuracy 0.637 (0.636)	Precison 0.511 (0.523)	Recall 0.800 (0.896)
Epoch:[9][640/1012]	Time 0.028 (0.018)	Data 0.012 (0.008)	Loss 0.111 (0.117)	Accuracy 0.625 (0.635)	Precison 0.509 (0.524)	Recall 0.935 (0.896)
Epoch:[9][660/1012]	Time 0.014 (0.018)	Data 0.001 (0.007)	Loss 0.113 (0.117)	Accuracy 0.650 (0.636)	Precison 0.519 (0.524)	Recall 0.933 (0.897)
Epoch:[9][680/1012]	Time 0.016 (0.018)	Data 0.007 (0.007)	Loss 0.107 (0.117)	Accuracy 0.700 (0.636)	Precison 0.608 (0.525)	Recall 0.886 (0.897)
Epoch:[9][700/1012]	Time 0.008 (0.018)	Data 0.000 (0.007)	Loss 0.135 (0.117)	Accuracy 0.688 (0.636)	Precison 0.638 (0.525)	Recall 0.902 (0.897)
Epoch:[9][720/1012]	Time 0.012 (0.018)	Data 0.004 (0.007)	Loss 0.102 (0.117)	Accuracy 0.713 (0.636)	Precison 0.600 (0.525)	Recall 0.971 (0.897)
Epoch:[9][740/1012]	Time 0.018 (0.018)	Data 0.009 (0.007)	Loss 0.122 (0.117)	Accuracy 0.625 (0.636)	Precison 0.508 (0.525)	Recall 0.968 (0.896)
Epoch:[9][760/1012]	Time 0.022 (0.018)	Data 0.008 (0.007)	Loss 0.112 (0.117)	Accuracy 0.688 (0.636)	Precison 0.500 (0.524)	Recall 0.920 (0.897)
Epoch:[9][780/1012]	Time 0.016 (0.018)	Data 0.006 (0.007)	Loss 0.109 (0.117)	Accuracy 0.675 (0.636)	Precison 0.528 (0.525)	Recall 0.966 (0.897)
Epoch:[9][800/1012]	Time 0.014 (0.018)	Data 0.004 (0.007)	Loss 0.111 (0.117)	Accuracy 0.663 (0.636)	Precison 0.579 (0.526)	Recall 0.917 (0.896)
Epoch:[9][820/1012]	Time 0.018 (0.018)	Data 0.008 (0.007)	Loss 0.126 (0.117)	Accuracy 0.650 (0.636)	Precison 0.596 (0.526)	Recall 0.816 (0.896)
Epoch:[9][840/1012]	Time 0.016 (0.018)	Data 0.005 (0.007)	Loss 0.110 (0.117)	Accuracy 0.738 (0.637)	Precison 0.655 (0.527)	Recall 0.947 (0.896)
Epoch:[9][860/1012]	Time 0.016 (0.018)	Data 0.007 (0.007)	Loss 0.122 (0.117)	Accuracy 0.700 (0.637)	Precison 0.655 (0.526)	Recall 0.878 (0.896)
Epoch:[9][880/1012]	Time 0.021 (0.018)	Data 0.011 (0.007)	Loss 0.107 (0.117)	Accuracy 0.713 (0.637)	Precison 0.596 (0.526)	Recall 0.939 (0.897)
Epoch:[9][900/1012]	Time 0.013 (0.018)	Data 0.000 (0.007)	Loss 0.115 (0.117)	Accuracy 0.575 (0.637)	Precison 0.333 (0.526)	Recall 0.789 (0.896)
Epoch:[9][920/1012]	Time 0.017 (0.018)	Data 0.008 (0.007)	Loss 0.110 (0.117)	Accuracy 0.738 (0.637)	Precison 0.642 (0.526)	Recall 0.944 (0.896)
Epoch:[9][940/1012]	Time 0.019 (0.018)	Data 0.008 (0.007)	Loss 0.127 (0.117)	Accuracy 0.625 (0.637)	Precison 0.534 (0.527)	Recall 0.912 (0.896)
Epoch:[9][960/1012]	Time 0.024 (0.018)	Data 0.008 (0.007)	Loss 0.104 (0.117)	Accuracy 0.775 (0.638)	Precison 0.686 (0.528)	Recall 0.946 (0.896)
Epoch:[9][980/1012]	Time 0.021 (0.018)	Data 0.008 (0.007)	Loss 0.120 (0.117)	Accuracy 0.738 (0.638)	Precison 0.660 (0.528)	Recall 0.861 (0.896)
Epoch:[9][1000/1012]	Time 0.022 (0.018)	Data 0.009 (0.007)	Loss 0.110 (0.117)	Accuracy 0.688 (0.638)	Precison 0.597 (0.528)	Recall 1.000 (0.896)
==> train time use 183.71206092834473
